{"C:\\Users\\vojta\\WebstormProjects\\2024-CircularMarketplaces\\app\\backend\\server.js": {"path":"C:\\Users\\vojta\\WebstormProjects\\2024-CircularMarketplaces\\app\\backend\\server.js","statementMap":{"0":{"start":{"line":1,"column":19},"end":{"line":1,"column":45}},"1":{"start":{"line":2,"column":16},"end":{"line":2,"column":34}},"2":{"start":{"line":3,"column":19},"end":{"line":3,"column":41}},"3":{"start":{"line":4,"column":13},"end":{"line":4,"column":28}},"4":{"start":{"line":5,"column":19},"end":{"line":5,"column":48}},"5":{"start":{"line":7,"column":17},"end":{"line":7,"column":45}},"6":{"start":{"line":8,"column":14},"end":{"line":8,"column":38}},"7":{"start":{"line":9,"column":15},"end":{"line":9,"column":40}},"8":{"start":{"line":10,"column":21},"end":{"line":10,"column":52}},"9":{"start":{"line":11,"column":15},"end":{"line":11,"column":40}},"10":{"start":{"line":12,"column":13},"end":{"line":12,"column":36}},"11":{"start":{"line":13,"column":18},"end":{"line":13,"column":46}},"12":{"start":{"line":14,"column":17},"end":{"line":14,"column":44}},"13":{"start":{"line":15,"column":21},"end":{"line":15,"column":57}},"14":{"start":{"line":16,"column":16},"end":{"line":16,"column":42}},"15":{"start":{"line":17,"column":12},"end":{"line":17,"column":21}},"16":{"start":{"line":20,"column":0},"end":{"line":22,"column":70}},"17":{"start":{"line":21,"column":16},"end":{"line":21,"column":62}},"18":{"start":{"line":22,"column":20},"end":{"line":22,"column":68}},"19":{"start":{"line":25,"column":0},"end":{"line":25,"column":16}},"20":{"start":{"line":26,"column":0},"end":{"line":26,"column":24}},"21":{"start":{"line":27,"column":0},"end":{"line":27,"column":47}},"22":{"start":{"line":28,"column":0},"end":{"line":28,"column":92}},"23":{"start":{"line":31,"column":0},"end":{"line":33,"column":3}},"24":{"start":{"line":32,"column":4},"end":{"line":32,"column":66}},"25":{"start":{"line":35,"column":0},"end":{"line":35,"column":38}},"26":{"start":{"line":36,"column":0},"end":{"line":36,"column":32}},"27":{"start":{"line":37,"column":0},"end":{"line":37,"column":34}},"28":{"start":{"line":38,"column":0},"end":{"line":38,"column":46}},"29":{"start":{"line":39,"column":0},"end":{"line":39,"column":34}},"30":{"start":{"line":40,"column":0},"end":{"line":40,"column":30}},"31":{"start":{"line":41,"column":0},"end":{"line":41,"column":40}},"32":{"start":{"line":42,"column":0},"end":{"line":42,"column":38}},"33":{"start":{"line":43,"column":0},"end":{"line":43,"column":36}},"34":{"start":{"line":45,"column":0},"end":{"line":45,"column":22}},"35":{"start":{"line":47,"column":0},"end":{"line":52,"column":1}},"36":{"start":{"line":48,"column":17},"end":{"line":48,"column":41}},"37":{"start":{"line":49,"column":4},"end":{"line":51,"column":7}},"38":{"start":{"line":50,"column":8},"end":{"line":50,"column":77}},"39":{"start":{"line":53,"column":16},"end":{"line":53,"column":31}},"40":{"start":{"line":54,"column":0},"end":{"line":54,"column":21}},"41":{"start":{"line":55,"column":0},"end":{"line":55,"column":33}}},"fnMap":{"0":{"name":"(anonymous_0)","decl":{"start":{"line":21,"column":10},"end":{"line":21,"column":11}},"loc":{"start":{"line":21,"column":16},"end":{"line":21,"column":62}},"line":21},"1":{"name":"(anonymous_1)","decl":{"start":{"line":22,"column":11},"end":{"line":22,"column":12}},"loc":{"start":{"line":22,"column":20},"end":{"line":22,"column":68}},"line":22},"2":{"name":"(anonymous_2)","decl":{"start":{"line":31,"column":18},"end":{"line":31,"column":19}},"loc":{"start":{"line":31,"column":32},"end":{"line":33,"column":1}},"line":31},"3":{"name":"(anonymous_3)","decl":{"start":{"line":49,"column":21},"end":{"line":49,"column":22}},"loc":{"start":{"line":49,"column":27},"end":{"line":51,"column":5}},"line":49}},"branchMap":{"0":{"loc":{"start":{"line":47,"column":0},"end":{"line":52,"column":1}},"type":"if","locations":[{"start":{"line":47,"column":0},"end":{"line":52,"column":1}},{"start":{},"end":{}}],"line":47},"1":{"loc":{"start":{"line":48,"column":17},"end":{"line":48,"column":41}},"type":"binary-expr","locations":[{"start":{"line":48,"column":17},"end":{"line":48,"column":33}},{"start":{"line":48,"column":37},"end":{"line":48,"column":41}}],"line":48}},"s":{"0":9,"1":9,"2":9,"3":9,"4":9,"5":9,"6":9,"7":9,"8":9,"9":9,"10":9,"11":9,"12":9,"13":9,"14":9,"15":9,"16":9,"17":9,"18":0,"19":9,"20":9,"21":9,"22":9,"23":9,"24":0,"25":9,"26":9,"27":9,"28":9,"29":9,"30":9,"31":9,"32":9,"33":9,"34":9,"35":9,"36":0,"37":0,"38":0,"39":9,"40":9,"41":9},"f":{"0":9,"1":0,"2":0,"3":0},"b":{"0":[0,9],"1":[0,0]},"_coverageSchema":"1a1c01bbd47fc00a2c39e90264f33305004495a9","hash":"51aaa0110a893fad7efba02220747cc54c1cbe63"}
,"C:\\Users\\vojta\\WebstormProjects\\2024-CircularMarketplaces\\app\\backend\\config\\Setup.js": {"path":"C:\\Users\\vojta\\WebstormProjects\\2024-CircularMarketplaces\\app\\backend\\config\\Setup.js","statementMap":{"0":{"start":{"line":2,"column":22},"end":{"line":2,"column":42}},"1":{"start":{"line":3,"column":18},"end":{"line":3,"column":48}},"2":{"start":{"line":5,"column":24},"end":{"line":5,"column":49}},"3":{"start":{"line":6,"column":27},"end":{"line":6,"column":55}},"4":{"start":{"line":7,"column":25},"end":{"line":7,"column":51}},"5":{"start":{"line":8,"column":24},"end":{"line":8,"column":56}},"6":{"start":{"line":9,"column":25},"end":{"line":9,"column":51}},"7":{"start":{"line":10,"column":23},"end":{"line":10,"column":47}},"8":{"start":{"line":11,"column":28},"end":{"line":11,"column":57}},"9":{"start":{"line":12,"column":26},"end":{"line":12,"column":53}},"10":{"start":{"line":13,"column":0},"end":{"line":13,"column":30}},"11":{"start":{"line":14,"column":53},"end":{"line":14,"column":77}},"12":{"start":{"line":16,"column":12},"end":{"line":16,"column":32}},"13":{"start":{"line":20,"column":13},"end":{"line":20,"column":39}},"14":{"start":{"line":21,"column":16},"end":{"line":21,"column":45}},"15":{"start":{"line":22,"column":14},"end":{"line":22,"column":41}},"16":{"start":{"line":23,"column":20},"end":{"line":23,"column":46}},"17":{"start":{"line":24,"column":14},"end":{"line":24,"column":41}},"18":{"start":{"line":25,"column":12},"end":{"line":25,"column":37}},"19":{"start":{"line":26,"column":17},"end":{"line":26,"column":47}},"20":{"start":{"line":27,"column":15},"end":{"line":27,"column":43}},"21":{"start":{"line":31,"column":0},"end":{"line":41,"column":3}},"22":{"start":{"line":33,"column":4},"end":{"line":33,"column":38}},"23":{"start":{"line":34,"column":4},"end":{"line":34,"column":45}},"24":{"start":{"line":35,"column":4},"end":{"line":35,"column":41}},"25":{"start":{"line":36,"column":4},"end":{"line":36,"column":39}},"26":{"start":{"line":37,"column":4},"end":{"line":37,"column":37}},"27":{"start":{"line":38,"column":4},"end":{"line":38,"column":42}},"28":{"start":{"line":39,"column":4},"end":{"line":39,"column":39}},"29":{"start":{"line":40,"column":4},"end":{"line":40,"column":40}},"30":{"start":{"line":46,"column":0},"end":{"line":46,"column":96}}},"fnMap":{"0":{"name":"(anonymous_0)","decl":{"start":{"line":31,"column":11},"end":{"line":31,"column":12}},"loc":{"start":{"line":31,"column":23},"end":{"line":41,"column":1}},"line":31}},"branchMap":{},"s":{"0":9,"1":9,"2":9,"3":9,"4":9,"5":9,"6":9,"7":9,"8":9,"9":9,"10":9,"11":9,"12":9,"13":9,"14":9,"15":9,"16":9,"17":9,"18":9,"19":9,"20":9,"21":9,"22":84,"23":84,"24":84,"25":84,"26":84,"27":84,"28":84,"29":84,"30":9},"f":{"0":84},"b":{},"_coverageSchema":"1a1c01bbd47fc00a2c39e90264f33305004495a9","hash":"97a4c66487fe7b367fb23769e32029c956ae14ad"}
,"C:\\Users\\vojta\\WebstormProjects\\2024-CircularMarketplaces\\app\\backend\\controllers\\articles.js": {"path":"C:\\Users\\vojta\\WebstormProjects\\2024-CircularMarketplaces\\app\\backend\\controllers\\articles.js","statementMap":{"0":{"start":{"line":1,"column":26},"end":{"line":1,"column":68}},"1":{"start":{"line":2,"column":17},"end":{"line":2,"column":46}},"2":{"start":{"line":3,"column":25},"end":{"line":3,"column":56}},"3":{"start":{"line":11,"column":23},"end":{"line":14,"column":2}},"4":{"start":{"line":12,"column":20},"end":{"line":12,"column":43}},"5":{"start":{"line":13,"column":4},"end":{"line":13,"column":35}},"6":{"start":{"line":16,"column":26},"end":{"line":24,"column":2}},"7":{"start":{"line":17,"column":4},"end":{"line":23,"column":5}},"8":{"start":{"line":18,"column":24},"end":{"line":18,"column":75}},"9":{"start":{"line":19,"column":8},"end":{"line":19,"column":40}},"10":{"start":{"line":21,"column":8},"end":{"line":21,"column":27}},"11":{"start":{"line":22,"column":8},"end":{"line":22,"column":74}},"12":{"start":{"line":30,"column":21},"end":{"line":38,"column":2}},"13":{"start":{"line":31,"column":4},"end":{"line":36,"column":5}},"14":{"start":{"line":32,"column":24},"end":{"line":32,"column":54}},"15":{"start":{"line":33,"column":8},"end":{"line":33,"column":48}},"16":{"start":{"line":35,"column":8},"end":{"line":35,"column":52}},"17":{"start":{"line":46,"column":19},"end":{"line":57,"column":2}},"18":{"start":{"line":47,"column":27},"end":{"line":47,"column":37}},"19":{"start":{"line":48,"column":20},"end":{"line":52,"column":6}},"20":{"start":{"line":53,"column":4},"end":{"line":55,"column":5}},"21":{"start":{"line":54,"column":8},"end":{"line":54,"column":67}},"22":{"start":{"line":56,"column":4},"end":{"line":56,"column":35}},"23":{"start":{"line":65,"column":22},"end":{"line":76,"column":2}},"24":{"start":{"line":66,"column":27},"end":{"line":66,"column":37}},"25":{"start":{"line":67,"column":20},"end":{"line":71,"column":6}},"26":{"start":{"line":72,"column":4},"end":{"line":74,"column":5}},"27":{"start":{"line":73,"column":8},"end":{"line":73,"column":67}},"28":{"start":{"line":75,"column":4},"end":{"line":75,"column":35}},"29":{"start":{"line":85,"column":22},"end":{"line":96,"column":2}},"30":{"start":{"line":86,"column":27},"end":{"line":86,"column":37}},"31":{"start":{"line":87,"column":20},"end":{"line":91,"column":6}},"32":{"start":{"line":92,"column":4},"end":{"line":94,"column":5}},"33":{"start":{"line":93,"column":8},"end":{"line":93,"column":67}},"34":{"start":{"line":95,"column":4},"end":{"line":95,"column":35}},"35":{"start":{"line":99,"column":22},"end":{"line":111,"column":2}},"36":{"start":{"line":100,"column":27},"end":{"line":100,"column":37}},"37":{"start":{"line":101,"column":19},"end":{"line":105,"column":6}},"38":{"start":{"line":106,"column":4},"end":{"line":108,"column":5}},"39":{"start":{"line":107,"column":8},"end":{"line":107,"column":74}},"40":{"start":{"line":109,"column":4},"end":{"line":109,"column":34}},"41":{"start":{"line":112,"column":21},"end":{"line":123,"column":2}},"42":{"start":{"line":113,"column":27},"end":{"line":113,"column":37}},"43":{"start":{"line":114,"column":18},"end":{"line":118,"column":6}},"44":{"start":{"line":119,"column":4},"end":{"line":121,"column":5}},"45":{"start":{"line":120,"column":8},"end":{"line":120,"column":74}},"46":{"start":{"line":122,"column":4},"end":{"line":122,"column":34}},"47":{"start":{"line":126,"column":0},"end":{"line":128,"column":1}}},"fnMap":{"0":{"name":"(anonymous_0)","decl":{"start":{"line":11,"column":41},"end":{"line":11,"column":42}},"loc":{"start":{"line":11,"column":59},"end":{"line":14,"column":1}},"line":11},"1":{"name":"(anonymous_1)","decl":{"start":{"line":16,"column":44},"end":{"line":16,"column":45}},"loc":{"start":{"line":16,"column":62},"end":{"line":24,"column":1}},"line":16},"2":{"name":"(anonymous_2)","decl":{"start":{"line":30,"column":39},"end":{"line":30,"column":40}},"loc":{"start":{"line":30,"column":57},"end":{"line":38,"column":1}},"line":30},"3":{"name":"(anonymous_3)","decl":{"start":{"line":46,"column":37},"end":{"line":46,"column":38}},"loc":{"start":{"line":46,"column":60},"end":{"line":57,"column":1}},"line":46},"4":{"name":"(anonymous_4)","decl":{"start":{"line":65,"column":40},"end":{"line":65,"column":41}},"loc":{"start":{"line":65,"column":63},"end":{"line":76,"column":1}},"line":65},"5":{"name":"(anonymous_5)","decl":{"start":{"line":85,"column":40},"end":{"line":85,"column":41}},"loc":{"start":{"line":85,"column":63},"end":{"line":96,"column":1}},"line":85},"6":{"name":"(anonymous_6)","decl":{"start":{"line":99,"column":40},"end":{"line":99,"column":41}},"loc":{"start":{"line":99,"column":63},"end":{"line":111,"column":1}},"line":99},"7":{"name":"(anonymous_7)","decl":{"start":{"line":112,"column":39},"end":{"line":112,"column":40}},"loc":{"start":{"line":112,"column":62},"end":{"line":123,"column":1}},"line":112}},"branchMap":{"0":{"loc":{"start":{"line":53,"column":4},"end":{"line":55,"column":5}},"type":"if","locations":[{"start":{"line":53,"column":4},"end":{"line":55,"column":5}},{"start":{},"end":{}}],"line":53},"1":{"loc":{"start":{"line":72,"column":4},"end":{"line":74,"column":5}},"type":"if","locations":[{"start":{"line":72,"column":4},"end":{"line":74,"column":5}},{"start":{},"end":{}}],"line":72},"2":{"loc":{"start":{"line":92,"column":4},"end":{"line":94,"column":5}},"type":"if","locations":[{"start":{"line":92,"column":4},"end":{"line":94,"column":5}},{"start":{},"end":{}}],"line":92},"3":{"loc":{"start":{"line":106,"column":4},"end":{"line":108,"column":5}},"type":"if","locations":[{"start":{"line":106,"column":4},"end":{"line":108,"column":5}},{"start":{},"end":{}}],"line":106},"4":{"loc":{"start":{"line":119,"column":4},"end":{"line":121,"column":5}},"type":"if","locations":[{"start":{"line":119,"column":4},"end":{"line":121,"column":5}},{"start":{},"end":{}}],"line":119}},"s":{"0":9,"1":9,"2":9,"3":9,"4":2,"5":2,"6":9,"7":1,"8":1,"9":1,"10":0,"11":0,"12":9,"13":89,"14":89,"15":89,"16":0,"17":9,"18":2,"19":2,"20":2,"21":1,"22":2,"23":9,"24":1,"25":1,"26":1,"27":0,"28":1,"29":9,"30":1,"31":1,"32":1,"33":0,"34":1,"35":9,"36":1,"37":1,"38":1,"39":0,"40":1,"41":9,"42":1,"43":1,"44":1,"45":1,"46":1,"47":9},"f":{"0":2,"1":1,"2":89,"3":2,"4":1,"5":1,"6":1,"7":1},"b":{"0":[1,1],"1":[0,1],"2":[0,1],"3":[0,1],"4":[1,0]},"_coverageSchema":"1a1c01bbd47fc00a2c39e90264f33305004495a9","hash":"49c4bd29dcd4191a7c87b27e976fbe66650a8502"}
,"C:\\Users\\vojta\\WebstormProjects\\2024-CircularMarketplaces\\app\\backend\\controllers\\message.js": {"path":"C:\\Users\\vojta\\WebstormProjects\\2024-CircularMarketplaces\\app\\backend\\controllers\\message.js","statementMap":{"0":{"start":{"line":1,"column":26},"end":{"line":1,"column":68}},"1":{"start":{"line":2,"column":17},"end":{"line":2,"column":46}},"2":{"start":{"line":3,"column":18},"end":{"line":3,"column":49}},"3":{"start":{"line":4,"column":13},"end":{"line":4,"column":33}},"4":{"start":{"line":5,"column":21},"end":{"line":5,"column":45}},"5":{"start":{"line":7,"column":21},"end":{"line":13,"column":1}},"6":{"start":{"line":8,"column":4},"end":{"line":11,"column":5}},"7":{"start":{"line":9,"column":8},"end":{"line":9,"column":55}},"8":{"start":{"line":10,"column":8},"end":{"line":10,"column":21}},"9":{"start":{"line":12,"column":4},"end":{"line":12,"column":16}},"10":{"start":{"line":21,"column":23},"end":{"line":25,"column":2}},"11":{"start":{"line":22,"column":22},"end":{"line":22,"column":45}},"12":{"start":{"line":23,"column":4},"end":{"line":23,"column":36}},"13":{"start":{"line":33,"column":22},"end":{"line":42,"column":2}},"14":{"start":{"line":34,"column":4},"end":{"line":40,"column":5}},"15":{"start":{"line":35,"column":24},"end":{"line":35,"column":54}},"16":{"start":{"line":36,"column":8},"end":{"line":36,"column":39}},"17":{"start":{"line":38,"column":8},"end":{"line":38,"column":56}},"18":{"start":{"line":39,"column":8},"end":{"line":39,"column":37}},"19":{"start":{"line":50,"column":19},"end":{"line":63,"column":2}},"20":{"start":{"line":51,"column":27},"end":{"line":51,"column":37}},"21":{"start":{"line":52,"column":4},"end":{"line":52,"column":47}},"22":{"start":{"line":52,"column":40},"end":{"line":52,"column":47}},"23":{"start":{"line":53,"column":20},"end":{"line":57,"column":6}},"24":{"start":{"line":58,"column":4},"end":{"line":61,"column":5}},"25":{"start":{"line":59,"column":8},"end":{"line":59,"column":64}},"26":{"start":{"line":60,"column":8},"end":{"line":60,"column":14}},"27":{"start":{"line":62,"column":4},"end":{"line":62,"column":35}},"28":{"start":{"line":71,"column":22},"end":{"line":82,"column":2}},"29":{"start":{"line":72,"column":27},"end":{"line":72,"column":37}},"30":{"start":{"line":73,"column":20},"end":{"line":77,"column":6}},"31":{"start":{"line":78,"column":4},"end":{"line":80,"column":5}},"32":{"start":{"line":79,"column":8},"end":{"line":79,"column":64}},"33":{"start":{"line":81,"column":4},"end":{"line":81,"column":35}},"34":{"start":{"line":91,"column":22},"end":{"line":102,"column":2}},"35":{"start":{"line":92,"column":27},"end":{"line":92,"column":37}},"36":{"start":{"line":93,"column":20},"end":{"line":97,"column":6}},"37":{"start":{"line":98,"column":4},"end":{"line":100,"column":5}},"38":{"start":{"line":99,"column":8},"end":{"line":99,"column":64}},"39":{"start":{"line":101,"column":4},"end":{"line":101,"column":35}},"40":{"start":{"line":103,"column":20},"end":{"line":121,"column":2}},"41":{"start":{"line":104,"column":37},"end":{"line":104,"column":47}},"42":{"start":{"line":106,"column":21},"end":{"line":114,"column":6}},"43":{"start":{"line":116,"column":4},"end":{"line":118,"column":5}},"44":{"start":{"line":117,"column":8},"end":{"line":117,"column":104}},"45":{"start":{"line":120,"column":4},"end":{"line":120,"column":39}},"46":{"start":{"line":123,"column":0},"end":{"line":125,"column":1}}},"fnMap":{"0":{"name":"(anonymous_0)","decl":{"start":{"line":7,"column":21},"end":{"line":7,"column":22}},"loc":{"start":{"line":7,"column":35},"end":{"line":13,"column":1}},"line":7},"1":{"name":"(anonymous_1)","decl":{"start":{"line":21,"column":41},"end":{"line":21,"column":42}},"loc":{"start":{"line":21,"column":59},"end":{"line":25,"column":1}},"line":21},"2":{"name":"(anonymous_2)","decl":{"start":{"line":33,"column":40},"end":{"line":33,"column":41}},"loc":{"start":{"line":33,"column":58},"end":{"line":42,"column":1}},"line":33},"3":{"name":"(anonymous_3)","decl":{"start":{"line":50,"column":37},"end":{"line":50,"column":38}},"loc":{"start":{"line":50,"column":60},"end":{"line":63,"column":1}},"line":50},"4":{"name":"(anonymous_4)","decl":{"start":{"line":71,"column":40},"end":{"line":71,"column":41}},"loc":{"start":{"line":71,"column":63},"end":{"line":82,"column":1}},"line":71},"5":{"name":"(anonymous_5)","decl":{"start":{"line":91,"column":40},"end":{"line":91,"column":41}},"loc":{"start":{"line":91,"column":63},"end":{"line":102,"column":1}},"line":91},"6":{"name":"(anonymous_6)","decl":{"start":{"line":103,"column":38},"end":{"line":103,"column":39}},"loc":{"start":{"line":103,"column":64},"end":{"line":121,"column":1}},"line":103}},"branchMap":{"0":{"loc":{"start":{"line":8,"column":4},"end":{"line":11,"column":5}},"type":"if","locations":[{"start":{"line":8,"column":4},"end":{"line":11,"column":5}},{"start":{},"end":{}}],"line":8},"1":{"loc":{"start":{"line":52,"column":4},"end":{"line":52,"column":47}},"type":"if","locations":[{"start":{"line":52,"column":4},"end":{"line":52,"column":47}},{"start":{},"end":{}}],"line":52},"2":{"loc":{"start":{"line":58,"column":4},"end":{"line":61,"column":5}},"type":"if","locations":[{"start":{"line":58,"column":4},"end":{"line":61,"column":5}},{"start":{},"end":{}}],"line":58},"3":{"loc":{"start":{"line":78,"column":4},"end":{"line":80,"column":5}},"type":"if","locations":[{"start":{"line":78,"column":4},"end":{"line":80,"column":5}},{"start":{},"end":{}}],"line":78},"4":{"loc":{"start":{"line":98,"column":4},"end":{"line":100,"column":5}},"type":"if","locations":[{"start":{"line":98,"column":4},"end":{"line":100,"column":5}},{"start":{},"end":{}}],"line":98},"5":{"loc":{"start":{"line":116,"column":4},"end":{"line":118,"column":5}},"type":"if","locations":[{"start":{"line":116,"column":4},"end":{"line":118,"column":5}},{"start":{},"end":{}}],"line":116},"6":{"loc":{"start":{"line":116,"column":8},"end":{"line":116,"column":42}},"type":"binary-expr","locations":[{"start":{"line":116,"column":8},"end":{"line":116,"column":17}},{"start":{"line":116,"column":21},"end":{"line":116,"column":42}}],"line":116}},"s":{"0":9,"1":9,"2":9,"3":9,"4":9,"5":9,"6":2,"7":1,"8":1,"9":1,"10":9,"11":1,"12":1,"13":9,"14":13,"15":13,"16":13,"17":0,"18":0,"19":9,"20":2,"21":2,"22":1,"23":1,"24":1,"25":0,"26":0,"27":1,"28":9,"29":1,"30":1,"31":1,"32":0,"33":1,"34":9,"35":1,"36":1,"37":1,"38":0,"39":1,"40":9,"41":2,"42":2,"43":2,"44":0,"45":2,"46":9},"f":{"0":2,"1":1,"2":13,"3":2,"4":1,"5":1,"6":2},"b":{"0":[1,1],"1":[1,1],"2":[0,1],"3":[0,1],"4":[0,1],"5":[0,2],"6":[2,2]},"_coverageSchema":"1a1c01bbd47fc00a2c39e90264f33305004495a9","hash":"a0311486a27e4b8b5d48f6d4eab7819eb6e442ee"}
,"C:\\Users\\vojta\\WebstormProjects\\2024-CircularMarketplaces\\app\\backend\\controllers\\orders.js": {"path":"C:\\Users\\vojta\\WebstormProjects\\2024-CircularMarketplaces\\app\\backend\\controllers\\orders.js","statementMap":{"0":{"start":{"line":1,"column":26},"end":{"line":1,"column":68}},"1":{"start":{"line":2,"column":17},"end":{"line":2,"column":46}},"2":{"start":{"line":3,"column":31},"end":{"line":3,"column":62}},"3":{"start":{"line":11,"column":21},"end":{"line":18,"column":2}},"4":{"start":{"line":12,"column":4},"end":{"line":17,"column":5}},"5":{"start":{"line":13,"column":23},"end":{"line":13,"column":44}},"6":{"start":{"line":14,"column":8},"end":{"line":14,"column":41}},"7":{"start":{"line":16,"column":8},"end":{"line":16,"column":55}},"8":{"start":{"line":26,"column":19},"end":{"line":110,"column":2}},"9":{"start":{"line":27,"column":72},"end":{"line":27,"column":80}},"10":{"start":{"line":28,"column":14},"end":{"line":28,"column":15}},"11":{"start":{"line":29,"column":19},"end":{"line":29,"column":23}},"12":{"start":{"line":30,"column":4},"end":{"line":52,"column":5}},"13":{"start":{"line":31,"column":24},"end":{"line":35,"column":10}},"14":{"start":{"line":36,"column":8},"end":{"line":39,"column":9}},"15":{"start":{"line":37,"column":12},"end":{"line":37,"column":78}},"16":{"start":{"line":38,"column":12},"end":{"line":38,"column":18}},"17":{"start":{"line":40,"column":8},"end":{"line":43,"column":9}},"18":{"start":{"line":41,"column":12},"end":{"line":41,"column":100}},"19":{"start":{"line":42,"column":12},"end":{"line":42,"column":18}},"20":{"start":{"line":44,"column":22},"end":{"line":44,"column":47}},"21":{"start":{"line":45,"column":8},"end":{"line":48,"column":9}},"22":{"start":{"line":46,"column":12},"end":{"line":46,"column":87}},"23":{"start":{"line":47,"column":12},"end":{"line":47,"column":18}},"24":{"start":{"line":49,"column":8},"end":{"line":49,"column":20}},"25":{"start":{"line":50,"column":8},"end":{"line":50,"column":34}},"26":{"start":{"line":53,"column":4},"end":{"line":55,"column":5}},"27":{"start":{"line":54,"column":8},"end":{"line":54,"column":65}},"28":{"start":{"line":56,"column":18},"end":{"line":60,"column":6}},"29":{"start":{"line":61,"column":19},"end":{"line":65,"column":6}},"30":{"start":{"line":66,"column":4},"end":{"line":68,"column":5}},"31":{"start":{"line":67,"column":8},"end":{"line":67,"column":17}},"32":{"start":{"line":71,"column":4},"end":{"line":74,"column":5}},"33":{"start":{"line":72,"column":8},"end":{"line":72,"column":81}},"34":{"start":{"line":73,"column":8},"end":{"line":73,"column":15}},"35":{"start":{"line":77,"column":18},"end":{"line":86,"column":5}},"36":{"start":{"line":87,"column":4},"end":{"line":98,"column":5}},"37":{"start":{"line":88,"column":8},"end":{"line":88,"column":28}},"38":{"start":{"line":89,"column":8},"end":{"line":89,"column":27}},"39":{"start":{"line":90,"column":8},"end":{"line":90,"column":17}},"40":{"start":{"line":91,"column":8},"end":{"line":91,"column":29}},"41":{"start":{"line":92,"column":8},"end":{"line":92,"column":28}},"42":{"start":{"line":94,"column":8},"end":{"line":94,"column":28}},"43":{"start":{"line":95,"column":8},"end":{"line":95,"column":27}},"44":{"start":{"line":96,"column":8},"end":{"line":96,"column":29}},"45":{"start":{"line":97,"column":8},"end":{"line":97,"column":28}},"46":{"start":{"line":99,"column":4},"end":{"line":108,"column":5}},"47":{"start":{"line":100,"column":8},"end":{"line":107,"column":10}},"48":{"start":{"line":109,"column":4},"end":{"line":109,"column":40}},"49":{"start":{"line":118,"column":17},"end":{"line":130,"column":2}},"50":{"start":{"line":119,"column":25},"end":{"line":119,"column":35}},"51":{"start":{"line":120,"column":18},"end":{"line":124,"column":6}},"52":{"start":{"line":125,"column":4},"end":{"line":129,"column":5}},"53":{"start":{"line":126,"column":8},"end":{"line":126,"column":37}},"54":{"start":{"line":128,"column":8},"end":{"line":128,"column":63}},"55":{"start":{"line":133,"column":25},"end":{"line":147,"column":2}},"56":{"start":{"line":134,"column":28},"end":{"line":134,"column":38}},"57":{"start":{"line":135,"column":18},"end":{"line":135,"column":61}},"58":{"start":{"line":136,"column":4},"end":{"line":138,"column":5}},"59":{"start":{"line":137,"column":8},"end":{"line":137,"column":71}},"60":{"start":{"line":140,"column":21},"end":{"line":140,"column":66}},"61":{"start":{"line":142,"column":4},"end":{"line":144,"column":5}},"62":{"start":{"line":143,"column":8},"end":{"line":143,"column":85}},"63":{"start":{"line":146,"column":4},"end":{"line":146,"column":39}},"64":{"start":{"line":156,"column":20},"end":{"line":167,"column":2}},"65":{"start":{"line":157,"column":25},"end":{"line":157,"column":35}},"66":{"start":{"line":158,"column":18},"end":{"line":162,"column":6}},"67":{"start":{"line":163,"column":4},"end":{"line":165,"column":5}},"68":{"start":{"line":164,"column":8},"end":{"line":164,"column":63}},"69":{"start":{"line":166,"column":4},"end":{"line":166,"column":33}},"70":{"start":{"line":176,"column":20},"end":{"line":187,"column":2}},"71":{"start":{"line":177,"column":25},"end":{"line":177,"column":35}},"72":{"start":{"line":178,"column":18},"end":{"line":182,"column":6}},"73":{"start":{"line":183,"column":4},"end":{"line":185,"column":5}},"74":{"start":{"line":184,"column":8},"end":{"line":184,"column":63}},"75":{"start":{"line":186,"column":4},"end":{"line":186,"column":33}},"76":{"start":{"line":190,"column":0},"end":{"line":192,"column":1}}},"fnMap":{"0":{"name":"(anonymous_0)","decl":{"start":{"line":11,"column":39},"end":{"line":11,"column":40}},"loc":{"start":{"line":11,"column":57},"end":{"line":18,"column":1}},"line":11},"1":{"name":"(anonymous_1)","decl":{"start":{"line":26,"column":37},"end":{"line":26,"column":38}},"loc":{"start":{"line":26,"column":60},"end":{"line":110,"column":1}},"line":26},"2":{"name":"(anonymous_2)","decl":{"start":{"line":118,"column":35},"end":{"line":118,"column":36}},"loc":{"start":{"line":118,"column":58},"end":{"line":130,"column":1}},"line":118},"3":{"name":"(anonymous_3)","decl":{"start":{"line":133,"column":43},"end":{"line":133,"column":44}},"loc":{"start":{"line":133,"column":69},"end":{"line":147,"column":1}},"line":133},"4":{"name":"(anonymous_4)","decl":{"start":{"line":156,"column":38},"end":{"line":156,"column":39}},"loc":{"start":{"line":156,"column":61},"end":{"line":167,"column":1}},"line":156},"5":{"name":"(anonymous_5)","decl":{"start":{"line":176,"column":38},"end":{"line":176,"column":39}},"loc":{"start":{"line":176,"column":61},"end":{"line":187,"column":1}},"line":176}},"branchMap":{"0":{"loc":{"start":{"line":36,"column":8},"end":{"line":39,"column":9}},"type":"if","locations":[{"start":{"line":36,"column":8},"end":{"line":39,"column":9}},{"start":{},"end":{}}],"line":36},"1":{"loc":{"start":{"line":40,"column":8},"end":{"line":43,"column":9}},"type":"if","locations":[{"start":{"line":40,"column":8},"end":{"line":43,"column":9}},{"start":{},"end":{}}],"line":40},"2":{"loc":{"start":{"line":45,"column":8},"end":{"line":48,"column":9}},"type":"if","locations":[{"start":{"line":45,"column":8},"end":{"line":48,"column":9}},{"start":{},"end":{}}],"line":45},"3":{"loc":{"start":{"line":53,"column":4},"end":{"line":55,"column":5}},"type":"if","locations":[{"start":{"line":53,"column":4},"end":{"line":55,"column":5}},{"start":{},"end":{}}],"line":53},"4":{"loc":{"start":{"line":66,"column":4},"end":{"line":68,"column":5}},"type":"if","locations":[{"start":{"line":66,"column":4},"end":{"line":68,"column":5}},{"start":{},"end":{}}],"line":66},"5":{"loc":{"start":{"line":71,"column":4},"end":{"line":74,"column":5}},"type":"if","locations":[{"start":{"line":71,"column":4},"end":{"line":74,"column":5}},{"start":{},"end":{}}],"line":71},"6":{"loc":{"start":{"line":87,"column":4},"end":{"line":98,"column":5}},"type":"if","locations":[{"start":{"line":87,"column":4},"end":{"line":98,"column":5}},{"start":{"line":93,"column":10},"end":{"line":98,"column":5}}],"line":87},"7":{"loc":{"start":{"line":125,"column":4},"end":{"line":129,"column":5}},"type":"if","locations":[{"start":{"line":125,"column":4},"end":{"line":129,"column":5}},{"start":{"line":127,"column":10},"end":{"line":129,"column":5}}],"line":125},"8":{"loc":{"start":{"line":136,"column":4},"end":{"line":138,"column":5}},"type":"if","locations":[{"start":{"line":136,"column":4},"end":{"line":138,"column":5}},{"start":{},"end":{}}],"line":136},"9":{"loc":{"start":{"line":142,"column":4},"end":{"line":144,"column":5}},"type":"if","locations":[{"start":{"line":142,"column":4},"end":{"line":144,"column":5}},{"start":{},"end":{}}],"line":142},"10":{"loc":{"start":{"line":142,"column":8},"end":{"line":142,"column":42}},"type":"binary-expr","locations":[{"start":{"line":142,"column":8},"end":{"line":142,"column":17}},{"start":{"line":142,"column":21},"end":{"line":142,"column":42}}],"line":142},"11":{"loc":{"start":{"line":163,"column":4},"end":{"line":165,"column":5}},"type":"if","locations":[{"start":{"line":163,"column":4},"end":{"line":165,"column":5}},{"start":{},"end":{}}],"line":163},"12":{"loc":{"start":{"line":183,"column":4},"end":{"line":185,"column":5}},"type":"if","locations":[{"start":{"line":183,"column":4},"end":{"line":185,"column":5}},{"start":{},"end":{}}],"line":183}},"s":{"0":9,"1":9,"2":9,"3":9,"4":3,"5":3,"6":3,"7":0,"8":9,"9":30,"10":30,"11":30,"12":30,"13":30,"14":30,"15":1,"16":1,"17":29,"18":1,"19":1,"20":28,"21":28,"22":0,"23":0,"24":28,"25":28,"26":28,"27":0,"28":28,"29":28,"30":28,"31":28,"32":28,"33":0,"34":0,"35":28,"36":28,"37":28,"38":28,"39":28,"40":28,"41":28,"42":0,"43":0,"44":0,"45":0,"46":28,"47":28,"48":28,"49":9,"50":2,"51":2,"52":2,"53":1,"54":1,"55":9,"56":2,"57":2,"58":2,"59":0,"60":2,"61":2,"62":0,"63":2,"64":9,"65":1,"66":1,"67":1,"68":0,"69":1,"70":9,"71":1,"72":1,"73":1,"74":0,"75":1,"76":9},"f":{"0":3,"1":30,"2":2,"3":2,"4":1,"5":1},"b":{"0":[1,29],"1":[1,28],"2":[0,28],"3":[0,28],"4":[28,0],"5":[0,28],"6":[28,0],"7":[1,1],"8":[0,2],"9":[0,2],"10":[2,2],"11":[0,1],"12":[0,1]},"_coverageSchema":"1a1c01bbd47fc00a2c39e90264f33305004495a9","hash":"385859ac5ca5bbe6479a0cee75c3bb7ef1d0457b"}
,"C:\\Users\\vojta\\WebstormProjects\\2024-CircularMarketplaces\\app\\backend\\controllers\\paymentCards.js": {"path":"C:\\Users\\vojta\\WebstormProjects\\2024-CircularMarketplaces\\app\\backend\\controllers\\paymentCards.js","statementMap":{"0":{"start":{"line":1,"column":26},"end":{"line":1,"column":68}},"1":{"start":{"line":2,"column":17},"end":{"line":2,"column":46}},"2":{"start":{"line":3,"column":22},"end":{"line":3,"column":53}},"3":{"start":{"line":11,"column":20},"end":{"line":14,"column":2}},"4":{"start":{"line":12,"column":17},"end":{"line":12,"column":44}},"5":{"start":{"line":13,"column":4},"end":{"line":13,"column":32}},"6":{"start":{"line":22,"column":18},"end":{"line":25,"column":2}},"7":{"start":{"line":23,"column":17},"end":{"line":23,"column":51}},"8":{"start":{"line":24,"column":4},"end":{"line":24,"column":38}},"9":{"start":{"line":33,"column":16},"end":{"line":44,"column":2}},"10":{"start":{"line":34,"column":24},"end":{"line":34,"column":34}},"11":{"start":{"line":35,"column":17},"end":{"line":39,"column":6}},"12":{"start":{"line":40,"column":4},"end":{"line":42,"column":5}},"13":{"start":{"line":41,"column":8},"end":{"line":41,"column":61}},"14":{"start":{"line":43,"column":4},"end":{"line":43,"column":32}},"15":{"start":{"line":52,"column":19},"end":{"line":70,"column":2}},"16":{"start":{"line":53,"column":27},"end":{"line":53,"column":37}},"17":{"start":{"line":56,"column":26},"end":{"line":58,"column":6}},"18":{"start":{"line":60,"column":4},"end":{"line":62,"column":5}},"19":{"start":{"line":61,"column":8},"end":{"line":61,"column":69}},"20":{"start":{"line":65,"column":24},"end":{"line":67,"column":6}},"21":{"start":{"line":69,"column":4},"end":{"line":69,"column":48}},"22":{"start":{"line":79,"column":19},"end":{"line":92,"column":2}},"23":{"start":{"line":80,"column":27},"end":{"line":80,"column":37}},"24":{"start":{"line":83,"column":24},"end":{"line":85,"column":6}},"25":{"start":{"line":87,"column":4},"end":{"line":89,"column":5}},"26":{"start":{"line":88,"column":8},"end":{"line":88,"column":69}},"27":{"start":{"line":91,"column":4},"end":{"line":91,"column":86}},"28":{"start":{"line":95,"column":0},"end":{"line":97,"column":1}}},"fnMap":{"0":{"name":"(anonymous_0)","decl":{"start":{"line":11,"column":38},"end":{"line":11,"column":39}},"loc":{"start":{"line":11,"column":56},"end":{"line":14,"column":1}},"line":11},"1":{"name":"(anonymous_1)","decl":{"start":{"line":22,"column":36},"end":{"line":22,"column":37}},"loc":{"start":{"line":22,"column":54},"end":{"line":25,"column":1}},"line":22},"2":{"name":"(anonymous_2)","decl":{"start":{"line":33,"column":34},"end":{"line":33,"column":35}},"loc":{"start":{"line":33,"column":57},"end":{"line":44,"column":1}},"line":33},"3":{"name":"(anonymous_3)","decl":{"start":{"line":52,"column":37},"end":{"line":52,"column":38}},"loc":{"start":{"line":52,"column":63},"end":{"line":70,"column":1}},"line":52},"4":{"name":"(anonymous_4)","decl":{"start":{"line":79,"column":37},"end":{"line":79,"column":38}},"loc":{"start":{"line":79,"column":63},"end":{"line":92,"column":1}},"line":79}},"branchMap":{"0":{"loc":{"start":{"line":40,"column":4},"end":{"line":42,"column":5}},"type":"if","locations":[{"start":{"line":40,"column":4},"end":{"line":42,"column":5}},{"start":{},"end":{}}],"line":40},"1":{"loc":{"start":{"line":60,"column":4},"end":{"line":62,"column":5}},"type":"if","locations":[{"start":{"line":60,"column":4},"end":{"line":62,"column":5}},{"start":{},"end":{}}],"line":60},"2":{"loc":{"start":{"line":87,"column":4},"end":{"line":89,"column":5}},"type":"if","locations":[{"start":{"line":87,"column":4},"end":{"line":89,"column":5}},{"start":{},"end":{}}],"line":87}},"s":{"0":9,"1":9,"2":9,"3":9,"4":2,"5":2,"6":9,"7":35,"8":34,"9":9,"10":3,"11":3,"12":3,"13":2,"14":3,"15":9,"16":2,"17":2,"18":2,"19":1,"20":1,"21":1,"22":9,"23":2,"24":2,"25":2,"26":1,"27":1,"28":9},"f":{"0":2,"1":35,"2":3,"3":2,"4":2},"b":{"0":[2,1],"1":[1,1],"2":[1,1]},"_coverageSchema":"1a1c01bbd47fc00a2c39e90264f33305004495a9","hash":"e951b92513f4a5800f97ef0e83649cb4ddcfbb0d"}
,"C:\\Users\\vojta\\WebstormProjects\\2024-CircularMarketplaces\\app\\backend\\controllers\\photos.js": {"path":"C:\\Users\\vojta\\WebstormProjects\\2024-CircularMarketplaces\\app\\backend\\controllers\\photos.js","statementMap":{"0":{"start":{"line":1,"column":26},"end":{"line":1,"column":68}},"1":{"start":{"line":2,"column":17},"end":{"line":2,"column":46}},"2":{"start":{"line":3,"column":21},"end":{"line":3,"column":52}},"3":{"start":{"line":4,"column":13},"end":{"line":4,"column":33}},"4":{"start":{"line":5,"column":11},"end":{"line":5,"column":33}},"5":{"start":{"line":13,"column":21},"end":{"line":16,"column":2}},"6":{"start":{"line":14,"column":18},"end":{"line":14,"column":33}},"7":{"start":{"line":15,"column":4},"end":{"line":15,"column":33}},"8":{"start":{"line":24,"column":20},"end":{"line":42,"column":2}},"9":{"start":{"line":26,"column":4},"end":{"line":28,"column":5}},"10":{"start":{"line":27,"column":8},"end":{"line":27,"column":69}},"11":{"start":{"line":30,"column":22},"end":{"line":30,"column":40}},"12":{"start":{"line":31,"column":4},"end":{"line":33,"column":5}},"13":{"start":{"line":32,"column":8},"end":{"line":32,"column":72}},"14":{"start":{"line":34,"column":18},"end":{"line":34,"column":50}},"15":{"start":{"line":35,"column":18},"end":{"line":38,"column":41}},"16":{"start":{"line":38,"column":23},"end":{"line":38,"column":39}},"17":{"start":{"line":39,"column":4},"end":{"line":39,"column":34}},"18":{"start":{"line":41,"column":4},"end":{"line":41,"column":43}},"19":{"start":{"line":50,"column":17},"end":{"line":61,"column":2}},"20":{"start":{"line":51,"column":25},"end":{"line":51,"column":35}},"21":{"start":{"line":52,"column":18},"end":{"line":56,"column":6}},"22":{"start":{"line":57,"column":4},"end":{"line":59,"column":5}},"23":{"start":{"line":58,"column":8},"end":{"line":58,"column":63}},"24":{"start":{"line":60,"column":4},"end":{"line":60,"column":33}},"25":{"start":{"line":63,"column":30},"end":{"line":90,"column":2}},"26":{"start":{"line":64,"column":27},"end":{"line":64,"column":35}},"27":{"start":{"line":66,"column":4},"end":{"line":68,"column":5}},"28":{"start":{"line":67,"column":8},"end":{"line":67,"column":86}},"29":{"start":{"line":70,"column":19},"end":{"line":76,"column":6}},"30":{"start":{"line":78,"column":4},"end":{"line":80,"column":5}},"31":{"start":{"line":79,"column":8},"end":{"line":79,"column":87}},"32":{"start":{"line":83,"column":19},"end":{"line":87,"column":10}},"33":{"start":{"line":84,"column":22},"end":{"line":84,"column":65}},"34":{"start":{"line":84,"column":39},"end":{"line":84,"column":64}},"35":{"start":{"line":85,"column":8},"end":{"line":85,"column":39}},"36":{"start":{"line":86,"column":8},"end":{"line":86,"column":19}},"37":{"start":{"line":89,"column":4},"end":{"line":89,"column":33}},"38":{"start":{"line":98,"column":20},"end":{"line":109,"column":2}},"39":{"start":{"line":99,"column":25},"end":{"line":99,"column":35}},"40":{"start":{"line":100,"column":18},"end":{"line":104,"column":6}},"41":{"start":{"line":105,"column":4},"end":{"line":107,"column":5}},"42":{"start":{"line":106,"column":8},"end":{"line":106,"column":63}},"43":{"start":{"line":108,"column":4},"end":{"line":108,"column":33}},"44":{"start":{"line":118,"column":20},"end":{"line":129,"column":2}},"45":{"start":{"line":119,"column":25},"end":{"line":119,"column":35}},"46":{"start":{"line":120,"column":18},"end":{"line":124,"column":6}},"47":{"start":{"line":125,"column":4},"end":{"line":127,"column":5}},"48":{"start":{"line":126,"column":8},"end":{"line":126,"column":63}},"49":{"start":{"line":128,"column":4},"end":{"line":128,"column":33}},"50":{"start":{"line":137,"column":20},"end":{"line":147,"column":2}},"51":{"start":{"line":138,"column":25},"end":{"line":138,"column":35}},"52":{"start":{"line":139,"column":17},"end":{"line":143,"column":6}},"53":{"start":{"line":144,"column":4},"end":{"line":146,"column":5}},"54":{"start":{"line":145,"column":8},"end":{"line":145,"column":68}},"55":{"start":{"line":148,"column":0},"end":{"line":150,"column":1}}},"fnMap":{"0":{"name":"(anonymous_0)","decl":{"start":{"line":13,"column":39},"end":{"line":13,"column":40}},"loc":{"start":{"line":13,"column":57},"end":{"line":16,"column":1}},"line":13},"1":{"name":"(anonymous_1)","decl":{"start":{"line":24,"column":38},"end":{"line":24,"column":39}},"loc":{"start":{"line":24,"column":58},"end":{"line":42,"column":1}},"line":24},"2":{"name":"(anonymous_2)","decl":{"start":{"line":38,"column":13},"end":{"line":38,"column":14}},"loc":{"start":{"line":38,"column":22},"end":{"line":38,"column":40}},"line":38},"3":{"name":"(anonymous_3)","decl":{"start":{"line":50,"column":35},"end":{"line":50,"column":36}},"loc":{"start":{"line":50,"column":58},"end":{"line":61,"column":1}},"line":50},"4":{"name":"(anonymous_4)","decl":{"start":{"line":63,"column":48},"end":{"line":63,"column":49}},"loc":{"start":{"line":63,"column":74},"end":{"line":90,"column":1}},"line":63},"5":{"name":"(anonymous_5)","decl":{"start":{"line":83,"column":37},"end":{"line":83,"column":38}},"loc":{"start":{"line":83,"column":57},"end":{"line":87,"column":5}},"line":83},"6":{"name":"(anonymous_6)","decl":{"start":{"line":84,"column":34},"end":{"line":84,"column":35}},"loc":{"start":{"line":84,"column":39},"end":{"line":84,"column":64}},"line":84},"7":{"name":"(anonymous_7)","decl":{"start":{"line":98,"column":38},"end":{"line":98,"column":39}},"loc":{"start":{"line":98,"column":61},"end":{"line":109,"column":1}},"line":98},"8":{"name":"(anonymous_8)","decl":{"start":{"line":118,"column":38},"end":{"line":118,"column":39}},"loc":{"start":{"line":118,"column":61},"end":{"line":129,"column":1}},"line":118},"9":{"name":"(anonymous_9)","decl":{"start":{"line":137,"column":38},"end":{"line":137,"column":39}},"loc":{"start":{"line":137,"column":61},"end":{"line":147,"column":1}},"line":137}},"branchMap":{"0":{"loc":{"start":{"line":26,"column":4},"end":{"line":28,"column":5}},"type":"if","locations":[{"start":{"line":26,"column":4},"end":{"line":28,"column":5}},{"start":{},"end":{}}],"line":26},"1":{"loc":{"start":{"line":31,"column":4},"end":{"line":33,"column":5}},"type":"if","locations":[{"start":{"line":31,"column":4},"end":{"line":33,"column":5}},{"start":{},"end":{}}],"line":31},"2":{"loc":{"start":{"line":57,"column":4},"end":{"line":59,"column":5}},"type":"if","locations":[{"start":{"line":57,"column":4},"end":{"line":59,"column":5}},{"start":{},"end":{}}],"line":57},"3":{"loc":{"start":{"line":66,"column":4},"end":{"line":68,"column":5}},"type":"if","locations":[{"start":{"line":66,"column":4},"end":{"line":68,"column":5}},{"start":{},"end":{}}],"line":66},"4":{"loc":{"start":{"line":66,"column":8},"end":{"line":66,"column":61}},"type":"binary-expr","locations":[{"start":{"line":66,"column":8},"end":{"line":66,"column":34}},{"start":{"line":66,"column":38},"end":{"line":66,"column":61}}],"line":66},"5":{"loc":{"start":{"line":78,"column":4},"end":{"line":80,"column":5}},"type":"if","locations":[{"start":{"line":78,"column":4},"end":{"line":80,"column":5}},{"start":{},"end":{}}],"line":78},"6":{"loc":{"start":{"line":85,"column":25},"end":{"line":85,"column":38}},"type":"binary-expr","locations":[{"start":{"line":85,"column":25},"end":{"line":85,"column":30}},{"start":{"line":85,"column":34},"end":{"line":85,"column":38}}],"line":85},"7":{"loc":{"start":{"line":105,"column":4},"end":{"line":107,"column":5}},"type":"if","locations":[{"start":{"line":105,"column":4},"end":{"line":107,"column":5}},{"start":{},"end":{}}],"line":105},"8":{"loc":{"start":{"line":125,"column":4},"end":{"line":127,"column":5}},"type":"if","locations":[{"start":{"line":125,"column":4},"end":{"line":127,"column":5}},{"start":{},"end":{}}],"line":125},"9":{"loc":{"start":{"line":144,"column":4},"end":{"line":146,"column":5}},"type":"if","locations":[{"start":{"line":144,"column":4},"end":{"line":146,"column":5}},{"start":{},"end":{}}],"line":144}},"s":{"0":9,"1":9,"2":9,"3":9,"4":9,"5":9,"6":0,"7":0,"8":9,"9":2,"10":2,"11":0,"12":0,"13":0,"14":0,"15":0,"16":0,"17":0,"18":0,"19":9,"20":0,"21":0,"22":0,"23":0,"24":0,"25":9,"26":0,"27":0,"28":0,"29":0,"30":0,"31":0,"32":0,"33":0,"34":0,"35":0,"36":0,"37":0,"38":9,"39":0,"40":0,"41":0,"42":0,"43":0,"44":9,"45":0,"46":0,"47":0,"48":0,"49":0,"50":9,"51":0,"52":0,"53":0,"54":0,"55":9},"f":{"0":0,"1":2,"2":0,"3":0,"4":0,"5":0,"6":0,"7":0,"8":0,"9":0},"b":{"0":[2,0],"1":[0,0],"2":[0,0],"3":[0,0],"4":[0,0],"5":[0,0],"6":[0,0],"7":[0,0],"8":[0,0],"9":[0,0]},"_coverageSchema":"1a1c01bbd47fc00a2c39e90264f33305004495a9","hash":"1ef8dc45ed68d6da6308e27eb6c1b47ea31f0c03"}
,"C:\\Users\\vojta\\WebstormProjects\\2024-CircularMarketplaces\\app\\backend\\controllers\\reviews.js": {"path":"C:\\Users\\vojta\\WebstormProjects\\2024-CircularMarketplaces\\app\\backend\\controllers\\reviews.js","statementMap":{"0":{"start":{"line":1,"column":26},"end":{"line":1,"column":68}},"1":{"start":{"line":2,"column":17},"end":{"line":2,"column":46}},"2":{"start":{"line":3,"column":17},"end":{"line":3,"column":48}},"3":{"start":{"line":12,"column":22},"end":{"line":20,"column":2}},"4":{"start":{"line":13,"column":4},"end":{"line":17,"column":5}},"5":{"start":{"line":13,"column":25},"end":{"line":13,"column":47}},"6":{"start":{"line":14,"column":8},"end":{"line":14,"column":39}},"7":{"start":{"line":16,"column":8},"end":{"line":16,"column":55}},"8":{"start":{"line":28,"column":21},"end":{"line":36,"column":2}},"9":{"start":{"line":29,"column":4},"end":{"line":34,"column":5}},"10":{"start":{"line":30,"column":23},"end":{"line":30,"column":52}},"11":{"start":{"line":31,"column":8},"end":{"line":31,"column":46}},"12":{"start":{"line":33,"column":8},"end":{"line":33,"column":40}},"13":{"start":{"line":44,"column":18},"end":{"line":58,"column":2}},"14":{"start":{"line":45,"column":29},"end":{"line":45,"column":39}},"15":{"start":{"line":47,"column":19},"end":{"line":51,"column":6}},"16":{"start":{"line":53,"column":4},"end":{"line":55,"column":5}},"17":{"start":{"line":54,"column":8},"end":{"line":54,"column":74}},"18":{"start":{"line":57,"column":4},"end":{"line":57,"column":37}},"19":{"start":{"line":66,"column":21},"end":{"line":84,"column":2}},"20":{"start":{"line":67,"column":29},"end":{"line":67,"column":39}},"21":{"start":{"line":69,"column":26},"end":{"line":73,"column":6}},"22":{"start":{"line":75,"column":4},"end":{"line":77,"column":5}},"23":{"start":{"line":76,"column":8},"end":{"line":76,"column":74}},"24":{"start":{"line":79,"column":26},"end":{"line":81,"column":6}},"25":{"start":{"line":83,"column":4},"end":{"line":83,"column":52}},"26":{"start":{"line":105,"column":21},"end":{"line":117,"column":2}},"27":{"start":{"line":106,"column":29},"end":{"line":106,"column":39}},"28":{"start":{"line":108,"column":25},"end":{"line":110,"column":6}},"29":{"start":{"line":112,"column":4},"end":{"line":114,"column":5}},"30":{"start":{"line":113,"column":8},"end":{"line":113,"column":73}},"31":{"start":{"line":116,"column":4},"end":{"line":116,"column":27}},"32":{"start":{"line":120,"column":0},"end":{"line":122,"column":1}}},"fnMap":{"0":{"name":"(anonymous_0)","decl":{"start":{"line":12,"column":40},"end":{"line":12,"column":41}},"loc":{"start":{"line":12,"column":58},"end":{"line":20,"column":1}},"line":12},"1":{"name":"(anonymous_1)","decl":{"start":{"line":28,"column":39},"end":{"line":28,"column":40}},"loc":{"start":{"line":28,"column":57},"end":{"line":36,"column":1}},"line":28},"2":{"name":"(anonymous_2)","decl":{"start":{"line":44,"column":36},"end":{"line":44,"column":37}},"loc":{"start":{"line":44,"column":62},"end":{"line":58,"column":1}},"line":44},"3":{"name":"(anonymous_3)","decl":{"start":{"line":66,"column":39},"end":{"line":66,"column":40}},"loc":{"start":{"line":66,"column":65},"end":{"line":84,"column":1}},"line":66},"4":{"name":"(anonymous_4)","decl":{"start":{"line":105,"column":39},"end":{"line":105,"column":40}},"loc":{"start":{"line":105,"column":65},"end":{"line":117,"column":1}},"line":105}},"branchMap":{"0":{"loc":{"start":{"line":53,"column":4},"end":{"line":55,"column":5}},"type":"if","locations":[{"start":{"line":53,"column":4},"end":{"line":55,"column":5}},{"start":{},"end":{}}],"line":53},"1":{"loc":{"start":{"line":75,"column":4},"end":{"line":77,"column":5}},"type":"if","locations":[{"start":{"line":75,"column":4},"end":{"line":77,"column":5}},{"start":{},"end":{}}],"line":75},"2":{"loc":{"start":{"line":112,"column":4},"end":{"line":114,"column":5}},"type":"if","locations":[{"start":{"line":112,"column":4},"end":{"line":114,"column":5}},{"start":{},"end":{}}],"line":112}},"s":{"0":9,"1":9,"2":9,"3":9,"4":4,"5":4,"6":4,"7":0,"8":9,"9":25,"10":25,"11":25,"12":0,"13":9,"14":4,"15":4,"16":4,"17":2,"18":2,"19":9,"20":2,"21":2,"22":2,"23":1,"24":1,"25":1,"26":9,"27":3,"28":3,"29":3,"30":2,"31":1,"32":9},"f":{"0":4,"1":25,"2":4,"3":2,"4":3},"b":{"0":[2,2],"1":[1,1],"2":[2,1]},"_coverageSchema":"1a1c01bbd47fc00a2c39e90264f33305004495a9","hash":"f59b2d2664545db2c0934f8c5807a613c0115d1c"}
,"C:\\Users\\vojta\\WebstormProjects\\2024-CircularMarketplaces\\app\\backend\\controllers\\tags.js": {"path":"C:\\Users\\vojta\\WebstormProjects\\2024-CircularMarketplaces\\app\\backend\\controllers\\tags.js","statementMap":{"0":{"start":{"line":1,"column":26},"end":{"line":1,"column":68}},"1":{"start":{"line":2,"column":17},"end":{"line":2,"column":46}},"2":{"start":{"line":3,"column":14},"end":{"line":3,"column":45}},"3":{"start":{"line":12,"column":19},"end":{"line":15,"column":2}},"4":{"start":{"line":13,"column":16},"end":{"line":13,"column":35}},"5":{"start":{"line":14,"column":4},"end":{"line":14,"column":31}},"6":{"start":{"line":23,"column":17},"end":{"line":26,"column":2}},"7":{"start":{"line":24,"column":16},"end":{"line":24,"column":42}},"8":{"start":{"line":25,"column":4},"end":{"line":25,"column":36}},"9":{"start":{"line":34,"column":15},"end":{"line":45,"column":2}},"10":{"start":{"line":35,"column":23},"end":{"line":35,"column":33}},"11":{"start":{"line":36,"column":16},"end":{"line":40,"column":6}},"12":{"start":{"line":41,"column":4},"end":{"line":43,"column":5}},"13":{"start":{"line":42,"column":8},"end":{"line":42,"column":68}},"14":{"start":{"line":44,"column":4},"end":{"line":44,"column":31}},"15":{"start":{"line":53,"column":18},"end":{"line":74,"column":2}},"16":{"start":{"line":54,"column":26},"end":{"line":54,"column":36}},"17":{"start":{"line":55,"column":19},"end":{"line":59,"column":6}},"18":{"start":{"line":61,"column":4},"end":{"line":64,"column":5}},"19":{"start":{"line":63,"column":8},"end":{"line":63,"column":68}},"20":{"start":{"line":67,"column":23},"end":{"line":71,"column":6}},"21":{"start":{"line":73,"column":4},"end":{"line":73,"column":46}},"22":{"start":{"line":83,"column":18},"end":{"line":94,"column":2}},"23":{"start":{"line":84,"column":23},"end":{"line":84,"column":33}},"24":{"start":{"line":85,"column":16},"end":{"line":89,"column":6}},"25":{"start":{"line":90,"column":4},"end":{"line":92,"column":5}},"26":{"start":{"line":91,"column":8},"end":{"line":91,"column":59}},"27":{"start":{"line":93,"column":4},"end":{"line":93,"column":31}},"28":{"start":{"line":97,"column":0},"end":{"line":99,"column":1}}},"fnMap":{"0":{"name":"(anonymous_0)","decl":{"start":{"line":12,"column":37},"end":{"line":12,"column":38}},"loc":{"start":{"line":12,"column":55},"end":{"line":15,"column":1}},"line":12},"1":{"name":"(anonymous_1)","decl":{"start":{"line":23,"column":35},"end":{"line":23,"column":36}},"loc":{"start":{"line":23,"column":53},"end":{"line":26,"column":1}},"line":23},"2":{"name":"(anonymous_2)","decl":{"start":{"line":34,"column":33},"end":{"line":34,"column":34}},"loc":{"start":{"line":34,"column":56},"end":{"line":45,"column":1}},"line":34},"3":{"name":"(anonymous_3)","decl":{"start":{"line":53,"column":36},"end":{"line":53,"column":37}},"loc":{"start":{"line":53,"column":62},"end":{"line":74,"column":1}},"line":53},"4":{"name":"(anonymous_4)","decl":{"start":{"line":83,"column":36},"end":{"line":83,"column":37}},"loc":{"start":{"line":83,"column":59},"end":{"line":94,"column":1}},"line":83}},"branchMap":{"0":{"loc":{"start":{"line":41,"column":4},"end":{"line":43,"column":5}},"type":"if","locations":[{"start":{"line":41,"column":4},"end":{"line":43,"column":5}},{"start":{},"end":{}}],"line":41},"1":{"loc":{"start":{"line":61,"column":4},"end":{"line":64,"column":5}},"type":"if","locations":[{"start":{"line":61,"column":4},"end":{"line":64,"column":5}},{"start":{},"end":{}}],"line":61},"2":{"loc":{"start":{"line":90,"column":4},"end":{"line":92,"column":5}},"type":"if","locations":[{"start":{"line":90,"column":4},"end":{"line":92,"column":5}},{"start":{},"end":{}}],"line":90}},"s":{"0":9,"1":9,"2":9,"3":9,"4":1,"5":1,"6":9,"7":5,"8":5,"9":9,"10":3,"11":3,"12":3,"13":2,"14":1,"15":9,"16":1,"17":1,"18":1,"19":0,"20":1,"21":1,"22":9,"23":1,"24":1,"25":1,"26":0,"27":1,"28":9},"f":{"0":1,"1":5,"2":3,"3":1,"4":1},"b":{"0":[2,1],"1":[0,1],"2":[0,1]},"_coverageSchema":"1a1c01bbd47fc00a2c39e90264f33305004495a9","hash":"a6e9727a461edf686740cc1c1241f98526383afa"}
,"C:\\Users\\vojta\\WebstormProjects\\2024-CircularMarketplaces\\app\\backend\\controllers\\users.js": {"path":"C:\\Users\\vojta\\WebstormProjects\\2024-CircularMarketplaces\\app\\backend\\controllers\\users.js","statementMap":{"0":{"start":{"line":1,"column":26},"end":{"line":1,"column":68}},"1":{"start":{"line":2,"column":17},"end":{"line":2,"column":46}},"2":{"start":{"line":3,"column":48},"end":{"line":3,"column":79}},"3":{"start":{"line":4,"column":13},"end":{"line":4,"column":33}},"4":{"start":{"line":13,"column":20},"end":{"line":17,"column":2}},"5":{"start":{"line":14,"column":19},"end":{"line":14,"column":39}},"6":{"start":{"line":15,"column":4},"end":{"line":15,"column":33}},"7":{"start":{"line":22,"column":18},"end":{"line":51,"column":2}},"8":{"start":{"line":23,"column":35},"end":{"line":23,"column":43}},"9":{"start":{"line":26,"column":18},"end":{"line":26,"column":38}},"10":{"start":{"line":29,"column":17},"end":{"line":29,"column":63}},"11":{"start":{"line":29,"column":36},"end":{"line":29,"column":62}},"12":{"start":{"line":32,"column":4},"end":{"line":34,"column":5}},"13":{"start":{"line":33,"column":8},"end":{"line":33,"column":71}},"14":{"start":{"line":37,"column":4},"end":{"line":39,"column":5}},"15":{"start":{"line":38,"column":8},"end":{"line":38,"column":71}},"16":{"start":{"line":42,"column":4},"end":{"line":50,"column":7}},"17":{"start":{"line":61,"column":19},"end":{"line":64,"column":2}},"18":{"start":{"line":62,"column":17},"end":{"line":62,"column":44}},"19":{"start":{"line":63,"column":4},"end":{"line":63,"column":32}},"20":{"start":{"line":72,"column":16},"end":{"line":84,"column":2}},"21":{"start":{"line":73,"column":24},"end":{"line":73,"column":34}},"22":{"start":{"line":74,"column":17},"end":{"line":78,"column":6}},"23":{"start":{"line":79,"column":4},"end":{"line":82,"column":5}},"24":{"start":{"line":80,"column":8},"end":{"line":80,"column":61}},"25":{"start":{"line":81,"column":8},"end":{"line":81,"column":14}},"26":{"start":{"line":83,"column":4},"end":{"line":83,"column":32}},"27":{"start":{"line":92,"column":19},"end":{"line":103,"column":2}},"28":{"start":{"line":93,"column":24},"end":{"line":93,"column":34}},"29":{"start":{"line":94,"column":17},"end":{"line":98,"column":6}},"30":{"start":{"line":99,"column":4},"end":{"line":101,"column":5}},"31":{"start":{"line":100,"column":8},"end":{"line":100,"column":61}},"32":{"start":{"line":102,"column":4},"end":{"line":102,"column":32}},"33":{"start":{"line":112,"column":19},"end":{"line":123,"column":2}},"34":{"start":{"line":113,"column":24},"end":{"line":113,"column":34}},"35":{"start":{"line":114,"column":17},"end":{"line":118,"column":6}},"36":{"start":{"line":119,"column":4},"end":{"line":121,"column":5}},"37":{"start":{"line":120,"column":8},"end":{"line":120,"column":61}},"38":{"start":{"line":122,"column":4},"end":{"line":122,"column":32}},"39":{"start":{"line":131,"column":19},"end":{"line":142,"column":2}},"40":{"start":{"line":132,"column":24},"end":{"line":132,"column":34}},"41":{"start":{"line":133,"column":19},"end":{"line":137,"column":6}},"42":{"start":{"line":138,"column":4},"end":{"line":140,"column":5}},"43":{"start":{"line":139,"column":8},"end":{"line":139,"column":68}},"44":{"start":{"line":141,"column":4},"end":{"line":141,"column":34}},"45":{"start":{"line":149,"column":21},"end":{"line":160,"column":2}},"46":{"start":{"line":150,"column":24},"end":{"line":150,"column":34}},"47":{"start":{"line":151,"column":21},"end":{"line":155,"column":6}},"48":{"start":{"line":156,"column":4},"end":{"line":158,"column":5}},"49":{"start":{"line":157,"column":8},"end":{"line":157,"column":70}},"50":{"start":{"line":159,"column":4},"end":{"line":159,"column":36}},"51":{"start":{"line":167,"column":19},"end":{"line":181,"column":2}},"52":{"start":{"line":168,"column":24},"end":{"line":168,"column":34}},"53":{"start":{"line":169,"column":20},"end":{"line":173,"column":6}},"54":{"start":{"line":174,"column":4},"end":{"line":176,"column":5}},"55":{"start":{"line":175,"column":8},"end":{"line":175,"column":69}},"56":{"start":{"line":177,"column":20},"end":{"line":177,"column":58}},"57":{"start":{"line":177,"column":43},"end":{"line":177,"column":57}},"58":{"start":{"line":178,"column":24},"end":{"line":178,"column":72}},"59":{"start":{"line":178,"column":56},"end":{"line":178,"column":68}},"60":{"start":{"line":179,"column":26},"end":{"line":179,"column":54}},"61":{"start":{"line":180,"column":4},"end":{"line":180,"column":63}},"62":{"start":{"line":188,"column":27},"end":{"line":199,"column":2}},"63":{"start":{"line":189,"column":24},"end":{"line":189,"column":34}},"64":{"start":{"line":190,"column":20},"end":{"line":194,"column":6}},"65":{"start":{"line":195,"column":4},"end":{"line":197,"column":5}},"66":{"start":{"line":196,"column":8},"end":{"line":196,"column":77}},"67":{"start":{"line":198,"column":4},"end":{"line":198,"column":35}},"68":{"start":{"line":206,"column":20},"end":{"line":217,"column":2}},"69":{"start":{"line":207,"column":24},"end":{"line":207,"column":34}},"70":{"start":{"line":208,"column":20},"end":{"line":212,"column":6}},"71":{"start":{"line":213,"column":4},"end":{"line":215,"column":5}},"72":{"start":{"line":214,"column":8},"end":{"line":214,"column":72}},"73":{"start":{"line":216,"column":4},"end":{"line":216,"column":35}},"74":{"start":{"line":219,"column":18},"end":{"line":236,"column":2}},"75":{"start":{"line":220,"column":4},"end":{"line":235,"column":5}},"76":{"start":{"line":221,"column":28},"end":{"line":221,"column":38}},"77":{"start":{"line":222,"column":23},"end":{"line":222,"column":38}},"78":{"start":{"line":223,"column":21},"end":{"line":226,"column":10}},"79":{"start":{"line":227,"column":8},"end":{"line":229,"column":9}},"80":{"start":{"line":228,"column":12},"end":{"line":228,"column":59}},"81":{"start":{"line":230,"column":8},"end":{"line":230,"column":30}},"82":{"start":{"line":231,"column":8},"end":{"line":231,"column":26}},"83":{"start":{"line":232,"column":8},"end":{"line":232,"column":36}},"84":{"start":{"line":234,"column":8},"end":{"line":234,"column":26}},"85":{"start":{"line":238,"column":27},"end":{"line":267,"column":2}},"86":{"start":{"line":239,"column":26},"end":{"line":239,"column":36}},"87":{"start":{"line":241,"column":21},"end":{"line":248,"column":6}},"88":{"start":{"line":250,"column":30},"end":{"line":250,"column":39}},"89":{"start":{"line":252,"column":4},"end":{"line":256,"column":7}},"90":{"start":{"line":254,"column":8},"end":{"line":254,"column":81}},"91":{"start":{"line":254,"column":41},"end":{"line":254,"column":81}},"92":{"start":{"line":255,"column":8},"end":{"line":255,"column":85}},"93":{"start":{"line":255,"column":43},"end":{"line":255,"column":85}},"94":{"start":{"line":258,"column":25},"end":{"line":258,"column":54}},"95":{"start":{"line":260,"column":4},"end":{"line":263,"column":5}},"96":{"start":{"line":261,"column":8},"end":{"line":261,"column":99}},"97":{"start":{"line":262,"column":8},"end":{"line":262,"column":15}},"98":{"start":{"line":266,"column":4},"end":{"line":266,"column":62}},"99":{"start":{"line":271,"column":0},"end":{"line":273,"column":1}}},"fnMap":{"0":{"name":"(anonymous_0)","decl":{"start":{"line":13,"column":38},"end":{"line":13,"column":39}},"loc":{"start":{"line":13,"column":56},"end":{"line":17,"column":1}},"line":13},"1":{"name":"(anonymous_1)","decl":{"start":{"line":22,"column":36},"end":{"line":22,"column":37}},"loc":{"start":{"line":22,"column":62},"end":{"line":51,"column":1}},"line":22},"2":{"name":"(anonymous_2)","decl":{"start":{"line":29,"column":28},"end":{"line":29,"column":29}},"loc":{"start":{"line":29,"column":36},"end":{"line":29,"column":62}},"line":29},"3":{"name":"(anonymous_3)","decl":{"start":{"line":61,"column":37},"end":{"line":61,"column":38}},"loc":{"start":{"line":61,"column":55},"end":{"line":64,"column":1}},"line":61},"4":{"name":"(anonymous_4)","decl":{"start":{"line":72,"column":34},"end":{"line":72,"column":35}},"loc":{"start":{"line":72,"column":57},"end":{"line":84,"column":1}},"line":72},"5":{"name":"(anonymous_5)","decl":{"start":{"line":92,"column":37},"end":{"line":92,"column":38}},"loc":{"start":{"line":92,"column":60},"end":{"line":103,"column":1}},"line":92},"6":{"name":"(anonymous_6)","decl":{"start":{"line":112,"column":37},"end":{"line":112,"column":38}},"loc":{"start":{"line":112,"column":60},"end":{"line":123,"column":1}},"line":112},"7":{"name":"(anonymous_7)","decl":{"start":{"line":131,"column":37},"end":{"line":131,"column":38}},"loc":{"start":{"line":131,"column":60},"end":{"line":142,"column":1}},"line":131},"8":{"name":"(anonymous_8)","decl":{"start":{"line":149,"column":39},"end":{"line":149,"column":40}},"loc":{"start":{"line":149,"column":62},"end":{"line":160,"column":1}},"line":149},"9":{"name":"(anonymous_9)","decl":{"start":{"line":167,"column":37},"end":{"line":167,"column":38}},"loc":{"start":{"line":167,"column":60},"end":{"line":181,"column":1}},"line":167},"10":{"name":"(anonymous_10)","decl":{"start":{"line":177,"column":32},"end":{"line":177,"column":33}},"loc":{"start":{"line":177,"column":43},"end":{"line":177,"column":57}},"line":177},"11":{"name":"(anonymous_11)","decl":{"start":{"line":178,"column":39},"end":{"line":178,"column":40}},"loc":{"start":{"line":178,"column":56},"end":{"line":178,"column":68}},"line":178},"12":{"name":"(anonymous_12)","decl":{"start":{"line":188,"column":45},"end":{"line":188,"column":46}},"loc":{"start":{"line":188,"column":68},"end":{"line":199,"column":1}},"line":188},"13":{"name":"(anonymous_13)","decl":{"start":{"line":206,"column":38},"end":{"line":206,"column":39}},"loc":{"start":{"line":206,"column":61},"end":{"line":217,"column":1}},"line":206},"14":{"name":"(anonymous_14)","decl":{"start":{"line":219,"column":36},"end":{"line":219,"column":37}},"loc":{"start":{"line":219,"column":59},"end":{"line":236,"column":1}},"line":219},"15":{"name":"(anonymous_15)","decl":{"start":{"line":238,"column":45},"end":{"line":238,"column":46}},"loc":{"start":{"line":238,"column":71},"end":{"line":267,"column":1}},"line":238},"16":{"name":"(anonymous_16)","decl":{"start":{"line":252,"column":21},"end":{"line":252,"column":22}},"loc":{"start":{"line":252,"column":34},"end":{"line":256,"column":5}},"line":252}},"branchMap":{"0":{"loc":{"start":{"line":32,"column":4},"end":{"line":34,"column":5}},"type":"if","locations":[{"start":{"line":32,"column":4},"end":{"line":34,"column":5}},{"start":{},"end":{}}],"line":32},"1":{"loc":{"start":{"line":37,"column":4},"end":{"line":39,"column":5}},"type":"if","locations":[{"start":{"line":37,"column":4},"end":{"line":39,"column":5}},{"start":{},"end":{}}],"line":37},"2":{"loc":{"start":{"line":79,"column":4},"end":{"line":82,"column":5}},"type":"if","locations":[{"start":{"line":79,"column":4},"end":{"line":82,"column":5}},{"start":{},"end":{}}],"line":79},"3":{"loc":{"start":{"line":99,"column":4},"end":{"line":101,"column":5}},"type":"if","locations":[{"start":{"line":99,"column":4},"end":{"line":101,"column":5}},{"start":{},"end":{}}],"line":99},"4":{"loc":{"start":{"line":119,"column":4},"end":{"line":121,"column":5}},"type":"if","locations":[{"start":{"line":119,"column":4},"end":{"line":121,"column":5}},{"start":{},"end":{}}],"line":119},"5":{"loc":{"start":{"line":138,"column":4},"end":{"line":140,"column":5}},"type":"if","locations":[{"start":{"line":138,"column":4},"end":{"line":140,"column":5}},{"start":{},"end":{}}],"line":138},"6":{"loc":{"start":{"line":156,"column":4},"end":{"line":158,"column":5}},"type":"if","locations":[{"start":{"line":156,"column":4},"end":{"line":158,"column":5}},{"start":{},"end":{}}],"line":156},"7":{"loc":{"start":{"line":174,"column":4},"end":{"line":176,"column":5}},"type":"if","locations":[{"start":{"line":174,"column":4},"end":{"line":176,"column":5}},{"start":{},"end":{}}],"line":174},"8":{"loc":{"start":{"line":195,"column":4},"end":{"line":197,"column":5}},"type":"if","locations":[{"start":{"line":195,"column":4},"end":{"line":197,"column":5}},{"start":{},"end":{}}],"line":195},"9":{"loc":{"start":{"line":213,"column":4},"end":{"line":215,"column":5}},"type":"if","locations":[{"start":{"line":213,"column":4},"end":{"line":215,"column":5}},{"start":{},"end":{}}],"line":213},"10":{"loc":{"start":{"line":227,"column":8},"end":{"line":229,"column":9}},"type":"if","locations":[{"start":{"line":227,"column":8},"end":{"line":229,"column":9}},{"start":{},"end":{}}],"line":227},"11":{"loc":{"start":{"line":254,"column":8},"end":{"line":254,"column":81}},"type":"if","locations":[{"start":{"line":254,"column":8},"end":{"line":254,"column":81}},{"start":{},"end":{}}],"line":254},"12":{"loc":{"start":{"line":255,"column":8},"end":{"line":255,"column":85}},"type":"if","locations":[{"start":{"line":255,"column":8},"end":{"line":255,"column":85}},{"start":{},"end":{}}],"line":255},"13":{"loc":{"start":{"line":260,"column":4},"end":{"line":263,"column":5}},"type":"if","locations":[{"start":{"line":260,"column":4},"end":{"line":263,"column":5}},{"start":{},"end":{}}],"line":260}},"s":{"0":9,"1":9,"2":9,"3":9,"4":9,"5":2,"6":2,"7":9,"8":0,"9":0,"10":0,"11":0,"12":0,"13":0,"14":0,"15":0,"16":0,"17":9,"18":136,"19":134,"20":9,"21":3,"22":3,"23":3,"24":1,"25":1,"26":2,"27":9,"28":2,"29":2,"30":2,"31":0,"32":2,"33":9,"34":1,"35":1,"36":1,"37":0,"38":1,"39":9,"40":1,"41":1,"42":1,"43":0,"44":1,"45":9,"46":2,"47":2,"48":2,"49":0,"50":2,"51":9,"52":2,"53":2,"54":2,"55":0,"56":2,"57":1,"58":2,"59":1,"60":2,"61":2,"62":9,"63":2,"64":2,"65":2,"66":0,"67":2,"68":9,"69":2,"70":2,"71":2,"72":0,"73":2,"74":9,"75":2,"76":2,"77":2,"78":2,"79":2,"80":1,"81":2,"82":1,"83":1,"84":1,"85":9,"86":0,"87":0,"88":0,"89":0,"90":0,"91":0,"92":0,"93":0,"94":0,"95":0,"96":0,"97":0,"98":0,"99":9},"f":{"0":2,"1":0,"2":0,"3":136,"4":3,"5":2,"6":1,"7":1,"8":2,"9":2,"10":1,"11":1,"12":2,"13":2,"14":2,"15":0,"16":0},"b":{"0":[0,0],"1":[0,0],"2":[1,2],"3":[0,2],"4":[0,1],"5":[0,1],"6":[0,2],"7":[0,2],"8":[0,2],"9":[0,2],"10":[1,1],"11":[0,0],"12":[0,0],"13":[0,0]},"_coverageSchema":"1a1c01bbd47fc00a2c39e90264f33305004495a9","hash":"d6e2a7b8fe8c1cd004dee1ae3986d36c68606c72"}
,"C:\\Users\\vojta\\WebstormProjects\\2024-CircularMarketplaces\\app\\backend\\controllers\\wishlists.js": {"path":"C:\\Users\\vojta\\WebstormProjects\\2024-CircularMarketplaces\\app\\backend\\controllers\\wishlists.js","statementMap":{"0":{"start":{"line":1,"column":26},"end":{"line":1,"column":68}},"1":{"start":{"line":2,"column":17},"end":{"line":2,"column":46}},"2":{"start":{"line":3,"column":19},"end":{"line":3,"column":50}},"3":{"start":{"line":12,"column":24},"end":{"line":15,"column":2}},"4":{"start":{"line":13,"column":21},"end":{"line":13,"column":45}},"5":{"start":{"line":14,"column":4},"end":{"line":14,"column":36}},"6":{"start":{"line":23,"column":22},"end":{"line":26,"column":2}},"7":{"start":{"line":24,"column":21},"end":{"line":24,"column":52}},"8":{"start":{"line":25,"column":4},"end":{"line":25,"column":36}},"9":{"start":{"line":34,"column":20},"end":{"line":50,"column":2}},"10":{"start":{"line":35,"column":28},"end":{"line":35,"column":38}},"11":{"start":{"line":37,"column":21},"end":{"line":41,"column":6}},"12":{"start":{"line":42,"column":4},"end":{"line":48,"column":5}},"13":{"start":{"line":43,"column":8},"end":{"line":43,"column":62}},"14":{"start":{"line":44,"column":8},"end":{"line":44,"column":69}},"15":{"start":{"line":47,"column":8},"end":{"line":47,"column":40}},"16":{"start":{"line":58,"column":23},"end":{"line":74,"column":2}},"17":{"start":{"line":59,"column":28},"end":{"line":59,"column":38}},"18":{"start":{"line":60,"column":21},"end":{"line":65,"column":6}},"19":{"start":{"line":66,"column":4},"end":{"line":72,"column":5}},"20":{"start":{"line":67,"column":8},"end":{"line":67,"column":58}},"21":{"start":{"line":68,"column":8},"end":{"line":68,"column":69}},"22":{"start":{"line":71,"column":8},"end":{"line":71,"column":40}},"23":{"start":{"line":83,"column":23},"end":{"line":97,"column":2}},"24":{"start":{"line":84,"column":4},"end":{"line":96,"column":5}},"25":{"start":{"line":85,"column":24},"end":{"line":85,"column":34}},"26":{"start":{"line":86,"column":8},"end":{"line":86,"column":23}},"27":{"start":{"line":87,"column":24},"end":{"line":87,"column":69}},"28":{"start":{"line":88,"column":8},"end":{"line":92,"column":9}},"29":{"start":{"line":89,"column":12},"end":{"line":89,"column":42}},"30":{"start":{"line":91,"column":12},"end":{"line":91,"column":73}},"31":{"start":{"line":94,"column":8},"end":{"line":94,"column":26}},"32":{"start":{"line":95,"column":8},"end":{"line":95,"column":72}},"33":{"start":{"line":99,"column":25},"end":{"line":123,"column":2}},"34":{"start":{"line":100,"column":4},"end":{"line":120,"column":5}},"35":{"start":{"line":101,"column":28},"end":{"line":101,"column":38}},"36":{"start":{"line":102,"column":8},"end":{"line":102,"column":27}},"37":{"start":{"line":104,"column":26},"end":{"line":108,"column":10}},"38":{"start":{"line":110,"column":8},"end":{"line":116,"column":9}},"39":{"start":{"line":111,"column":12},"end":{"line":111,"column":67}},"40":{"start":{"line":112,"column":12},"end":{"line":112,"column":74}},"41":{"start":{"line":115,"column":12},"end":{"line":115,"column":45}},"42":{"start":{"line":118,"column":8},"end":{"line":118,"column":26}},"43":{"start":{"line":119,"column":8},"end":{"line":119,"column":36}},"44":{"start":{"line":125,"column":0},"end":{"line":127,"column":1}}},"fnMap":{"0":{"name":"(anonymous_0)","decl":{"start":{"line":12,"column":42},"end":{"line":12,"column":43}},"loc":{"start":{"line":12,"column":60},"end":{"line":15,"column":1}},"line":12},"1":{"name":"(anonymous_1)","decl":{"start":{"line":23,"column":40},"end":{"line":23,"column":41}},"loc":{"start":{"line":23,"column":58},"end":{"line":26,"column":1}},"line":23},"2":{"name":"(anonymous_2)","decl":{"start":{"line":34,"column":38},"end":{"line":34,"column":39}},"loc":{"start":{"line":34,"column":61},"end":{"line":50,"column":1}},"line":34},"3":{"name":"(anonymous_3)","decl":{"start":{"line":58,"column":41},"end":{"line":58,"column":42}},"loc":{"start":{"line":58,"column":64},"end":{"line":74,"column":1}},"line":58},"4":{"name":"(anonymous_4)","decl":{"start":{"line":83,"column":41},"end":{"line":83,"column":42}},"loc":{"start":{"line":83,"column":64},"end":{"line":97,"column":1}},"line":83},"5":{"name":"(anonymous_5)","decl":{"start":{"line":99,"column":43},"end":{"line":99,"column":44}},"loc":{"start":{"line":99,"column":66},"end":{"line":123,"column":1}},"line":99}},"branchMap":{"0":{"loc":{"start":{"line":42,"column":4},"end":{"line":48,"column":5}},"type":"if","locations":[{"start":{"line":42,"column":4},"end":{"line":48,"column":5}},{"start":{"line":46,"column":8},"end":{"line":48,"column":5}}],"line":42},"1":{"loc":{"start":{"line":66,"column":4},"end":{"line":72,"column":5}},"type":"if","locations":[{"start":{"line":66,"column":4},"end":{"line":72,"column":5}},{"start":{"line":70,"column":8},"end":{"line":72,"column":5}}],"line":66},"2":{"loc":{"start":{"line":88,"column":8},"end":{"line":92,"column":9}},"type":"if","locations":[{"start":{"line":88,"column":8},"end":{"line":92,"column":9}},{"start":{"line":90,"column":15},"end":{"line":92,"column":9}}],"line":88},"3":{"loc":{"start":{"line":110,"column":8},"end":{"line":116,"column":9}},"type":"if","locations":[{"start":{"line":110,"column":8},"end":{"line":116,"column":9}},{"start":{"line":114,"column":12},"end":{"line":116,"column":9}}],"line":110}},"s":{"0":9,"1":9,"2":9,"3":9,"4":4,"5":4,"6":9,"7":6,"8":6,"9":9,"10":4,"11":4,"12":4,"13":1,"14":1,"15":3,"16":9,"17":2,"18":2,"19":2,"20":1,"21":1,"22":1,"23":9,"24":3,"25":3,"26":3,"27":3,"28":3,"29":1,"30":2,"31":0,"32":0,"33":9,"34":0,"35":0,"36":0,"37":0,"38":0,"39":0,"40":0,"41":0,"42":0,"43":0,"44":9},"f":{"0":4,"1":6,"2":4,"3":2,"4":3,"5":0},"b":{"0":[1,3],"1":[1,1],"2":[1,2],"3":[0,0]},"_coverageSchema":"1a1c01bbd47fc00a2c39e90264f33305004495a9","hash":"4e146660c148687552b47756f3865f85b62447d1"}
,"C:\\Users\\vojta\\WebstormProjects\\2024-CircularMarketplaces\\app\\backend\\database\\connect.js": {"path":"C:\\Users\\vojta\\WebstormProjects\\2024-CircularMarketplaces\\app\\backend\\database\\connect.js","statementMap":{"0":{"start":{"line":1,"column":22},"end":{"line":1,"column":42}},"1":{"start":{"line":2,"column":0},"end":{"line":2,"column":27}},"2":{"start":{"line":4,"column":15},"end":{"line":4,"column":46}},"3":{"start":{"line":8,"column":0},"end":{"line":25,"column":1}},"4":{"start":{"line":10,"column":4},"end":{"line":14,"column":7}},"5":{"start":{"line":16,"column":4},"end":{"line":24,"column":6}},"6":{"start":{"line":27,"column":0},"end":{"line":27,"column":27}}},"fnMap":{},"branchMap":{"0":{"loc":{"start":{"line":8,"column":0},"end":{"line":25,"column":1}},"type":"if","locations":[{"start":{"line":8,"column":0},"end":{"line":25,"column":1}},{"start":{"line":15,"column":7},"end":{"line":25,"column":1}}],"line":8}},"s":{"0":9,"1":9,"2":9,"3":9,"4":9,"5":0,"6":9},"f":{},"b":{"0":[9,0]},"_coverageSchema":"1a1c01bbd47fc00a2c39e90264f33305004495a9","hash":"b188690b2c11f64217a57f5b95ed3e2c5c87dbfb"}
,"C:\\Users\\vojta\\WebstormProjects\\2024-CircularMarketplaces\\app\\backend\\errors\\ErrorAPI.js": {"path":"C:\\Users\\vojta\\WebstormProjects\\2024-CircularMarketplaces\\app\\backend\\errors\\ErrorAPI.js","statementMap":{"0":{"start":{"line":5,"column":8},"end":{"line":5,"column":23}},"1":{"start":{"line":6,"column":8},"end":{"line":6,"column":37}},"2":{"start":{"line":7,"column":8},"end":{"line":7,"column":42}},"3":{"start":{"line":11,"column":0},"end":{"line":11,"column":26}}},"fnMap":{"0":{"name":"(anonymous_0)","decl":{"start":{"line":4,"column":4},"end":{"line":4,"column":5}},"loc":{"start":{"line":4,"column":43},"end":{"line":8,"column":5}},"line":4}},"branchMap":{"0":{"loc":{"start":{"line":4,"column":25},"end":{"line":4,"column":41}},"type":"default-arg","locations":[{"start":{"line":4,"column":38},"end":{"line":4,"column":41}}],"line":4}},"s":{"0":21,"1":21,"2":21,"3":9},"f":{"0":21},"b":{"0":[12]},"_coverageSchema":"1a1c01bbd47fc00a2c39e90264f33305004495a9","hash":"de3911ad3f2ad16e85202971644b96be5d8a7d28"}
,"C:\\Users\\vojta\\WebstormProjects\\2024-CircularMarketplaces\\app\\backend\\middleware\\asyncErrorWrapper.js": {"path":"C:\\Users\\vojta\\WebstormProjects\\2024-CircularMarketplaces\\app\\backend\\middleware\\asyncErrorWrapper.js","statementMap":{"0":{"start":{"line":1,"column":26},"end":{"line":9,"column":1}},"1":{"start":{"line":2,"column":4},"end":{"line":8,"column":5}},"2":{"start":{"line":3,"column":8},"end":{"line":7,"column":9}},"3":{"start":{"line":4,"column":12},"end":{"line":4,"column":34}},"4":{"start":{"line":6,"column":12},"end":{"line":6,"column":23}},"5":{"start":{"line":11,"column":0},"end":{"line":11,"column":34}}},"fnMap":{"0":{"name":"(anonymous_0)","decl":{"start":{"line":1,"column":26},"end":{"line":1,"column":27}},"loc":{"start":{"line":1,"column":33},"end":{"line":9,"column":1}},"line":1},"1":{"name":"(anonymous_1)","decl":{"start":{"line":2,"column":11},"end":{"line":2,"column":12}},"loc":{"start":{"line":2,"column":34},"end":{"line":8,"column":5}},"line":2}},"branchMap":{},"s":{"0":9,"1":549,"2":426,"3":426,"4":4,"5":9},"f":{"0":549,"1":426},"b":{},"_coverageSchema":"1a1c01bbd47fc00a2c39e90264f33305004495a9","hash":"305f31b50526cd1a0b7330bc8182a6f78d13418c"}
,"C:\\Users\\vojta\\WebstormProjects\\2024-CircularMarketplaces\\app\\backend\\middleware\\errorHandler.js": {"path":"C:\\Users\\vojta\\WebstormProjects\\2024-CircularMarketplaces\\app\\backend\\middleware\\errorHandler.js","statementMap":{"0":{"start":{"line":2,"column":17},"end":{"line":2,"column":46}},"1":{"start":{"line":4,"column":21},"end":{"line":16,"column":1}},"2":{"start":{"line":6,"column":4},"end":{"line":10,"column":5}},"3":{"start":{"line":7,"column":8},"end":{"line":9,"column":11}},"4":{"start":{"line":13,"column":4},"end":{"line":15,"column":7}},"5":{"start":{"line":19,"column":0},"end":{"line":19,"column":30}}},"fnMap":{"0":{"name":"(anonymous_0)","decl":{"start":{"line":4,"column":21},"end":{"line":4,"column":22}},"loc":{"start":{"line":4,"column":46},"end":{"line":16,"column":1}},"line":4}},"branchMap":{"0":{"loc":{"start":{"line":6,"column":4},"end":{"line":10,"column":5}},"type":"if","locations":[{"start":{"line":6,"column":4},"end":{"line":10,"column":5}},{"start":{},"end":{}}],"line":6}},"s":{"0":9,"1":9,"2":24,"3":21,"4":3,"5":9},"f":{"0":24},"b":{"0":[21,3]},"_coverageSchema":"1a1c01bbd47fc00a2c39e90264f33305004495a9","hash":"580fbce38f0f1084716f68e1832fdd7b71c90641"}
,"C:\\Users\\vojta\\WebstormProjects\\2024-CircularMarketplaces\\app\\backend\\middleware\\multer.js": {"path":"C:\\Users\\vojta\\WebstormProjects\\2024-CircularMarketplaces\\app\\backend\\middleware\\multer.js","statementMap":{"0":{"start":{"line":1,"column":15},"end":{"line":1,"column":32}},"1":{"start":{"line":2,"column":11},"end":{"line":2,"column":24}},"2":{"start":{"line":3,"column":13},"end":{"line":3,"column":28}},"3":{"start":{"line":4,"column":15},"end":{"line":4,"column":32}},"4":{"start":{"line":7,"column":18},"end":{"line":7,"column":46}},"5":{"start":{"line":8,"column":0},"end":{"line":10,"column":1}},"6":{"start":{"line":9,"column":4},"end":{"line":9,"column":49}},"7":{"start":{"line":12,"column":16},"end":{"line":20,"column":2}},"8":{"start":{"line":14,"column":8},"end":{"line":14,"column":28}},"9":{"start":{"line":17,"column":29},"end":{"line":17,"column":85}},"10":{"start":{"line":18,"column":8},"end":{"line":18,"column":57}},"11":{"start":{"line":23,"column":15},"end":{"line":23,"column":43}},"12":{"start":{"line":25,"column":0},"end":{"line":25,"column":24}}},"fnMap":{"0":{"name":"(anonymous_0)","decl":{"start":{"line":13,"column":17},"end":{"line":13,"column":18}},"loc":{"start":{"line":13,"column":36},"end":{"line":15,"column":5}},"line":13},"1":{"name":"(anonymous_1)","decl":{"start":{"line":16,"column":14},"end":{"line":16,"column":15}},"loc":{"start":{"line":16,"column":33},"end":{"line":19,"column":5}},"line":16}},"branchMap":{"0":{"loc":{"start":{"line":8,"column":0},"end":{"line":10,"column":1}},"type":"if","locations":[{"start":{"line":8,"column":0},"end":{"line":10,"column":1}},{"start":{},"end":{}}],"line":8}},"s":{"0":9,"1":9,"2":9,"3":9,"4":9,"5":9,"6":0,"7":9,"8":0,"9":0,"10":0,"11":9,"12":9},"f":{"0":0,"1":0},"b":{"0":[0,9]},"_coverageSchema":"1a1c01bbd47fc00a2c39e90264f33305004495a9","hash":"fe543285862bfdb5d06180562ac934f306e7497f"}
,"C:\\Users\\vojta\\WebstormProjects\\2024-CircularMarketplaces\\app\\backend\\models\\Article.js": {"path":"C:\\Users\\vojta\\WebstormProjects\\2024-CircularMarketplaces\\app\\backend\\models\\Article.js","statementMap":{"0":{"start":{"line":2,"column":29},"end":{"line":2,"column":49}},"1":{"start":{"line":3,"column":13},"end":{"line":3,"column":30}},"2":{"start":{"line":4,"column":14},"end":{"line":4,"column":32}},"3":{"start":{"line":6,"column":0},"end":{"line":53,"column":2}},"4":{"start":{"line":9,"column":0},"end":{"line":50,"column":2}},"5":{"start":{"line":52,"column":4},"end":{"line":52,"column":19}}},"fnMap":{"0":{"name":"(anonymous_0)","decl":{"start":{"line":6,"column":17},"end":{"line":6,"column":18}},"loc":{"start":{"line":6,"column":32},"end":{"line":53,"column":1}},"line":6}},"branchMap":{},"s":{"0":9,"1":9,"2":9,"3":9,"4":18,"5":18},"f":{"0":18},"b":{},"_coverageSchema":"1a1c01bbd47fc00a2c39e90264f33305004495a9","hash":"ed8049bb51c42ca2245d5159dec620761a1fab03"}
,"C:\\Users\\vojta\\WebstormProjects\\2024-CircularMarketplaces\\app\\backend\\models\\Message.js": {"path":"C:\\Users\\vojta\\WebstormProjects\\2024-CircularMarketplaces\\app\\backend\\models\\Message.js","statementMap":{"0":{"start":{"line":2,"column":29},"end":{"line":2,"column":49}},"1":{"start":{"line":4,"column":0},"end":{"line":35,"column":2}},"2":{"start":{"line":7,"column":4},"end":{"line":32,"column":6}},"3":{"start":{"line":34,"column":4},"end":{"line":34,"column":19}}},"fnMap":{"0":{"name":"(anonymous_0)","decl":{"start":{"line":4,"column":17},"end":{"line":4,"column":18}},"loc":{"start":{"line":4,"column":32},"end":{"line":35,"column":1}},"line":4}},"branchMap":{},"s":{"0":9,"1":9,"2":9,"3":9},"f":{"0":9},"b":{},"_coverageSchema":"1a1c01bbd47fc00a2c39e90264f33305004495a9","hash":"62da3e6f4a63b46072f1fe53506a758153e6c8f1"}
,"C:\\Users\\vojta\\WebstormProjects\\2024-CircularMarketplaces\\app\\backend\\models\\Order.js": {"path":"C:\\Users\\vojta\\WebstormProjects\\2024-CircularMarketplaces\\app\\backend\\models\\Order.js","statementMap":{"0":{"start":{"line":1,"column":29},"end":{"line":1,"column":49}},"1":{"start":{"line":2,"column":13},"end":{"line":2,"column":30}},"2":{"start":{"line":3,"column":20},"end":{"line":3,"column":44}},"3":{"start":{"line":5,"column":0},"end":{"line":46,"column":2}},"4":{"start":{"line":8,"column":4},"end":{"line":43,"column":6}},"5":{"start":{"line":45,"column":4},"end":{"line":45,"column":17}}},"fnMap":{"0":{"name":"(anonymous_0)","decl":{"start":{"line":5,"column":17},"end":{"line":5,"column":18}},"loc":{"start":{"line":5,"column":32},"end":{"line":46,"column":1}},"line":5}},"branchMap":{},"s":{"0":9,"1":9,"2":9,"3":9,"4":18,"5":18},"f":{"0":18},"b":{},"_coverageSchema":"1a1c01bbd47fc00a2c39e90264f33305004495a9","hash":"3139d833432108b01372dfd642f453056b5afdc1"}
,"C:\\Users\\vojta\\WebstormProjects\\2024-CircularMarketplaces\\app\\backend\\models\\PaymentCard.js": {"path":"C:\\Users\\vojta\\WebstormProjects\\2024-CircularMarketplaces\\app\\backend\\models\\PaymentCard.js","statementMap":{"0":{"start":{"line":1,"column":29},"end":{"line":1,"column":49}},"1":{"start":{"line":2,"column":13},"end":{"line":2,"column":30}},"2":{"start":{"line":5,"column":0},"end":{"line":39,"column":2}},"3":{"start":{"line":8,"column":4},"end":{"line":36,"column":6}},"4":{"start":{"line":38,"column":4},"end":{"line":38,"column":23}}},"fnMap":{"0":{"name":"(anonymous_0)","decl":{"start":{"line":5,"column":17},"end":{"line":5,"column":18}},"loc":{"start":{"line":5,"column":32},"end":{"line":39,"column":1}},"line":5}},"branchMap":{},"s":{"0":9,"1":9,"2":9,"3":18,"4":18},"f":{"0":18},"b":{},"_coverageSchema":"1a1c01bbd47fc00a2c39e90264f33305004495a9","hash":"e3ac59507ba91535e2a0044b01ab3a16987bec3c"}
,"C:\\Users\\vojta\\WebstormProjects\\2024-CircularMarketplaces\\app\\backend\\models\\Photo.js": {"path":"C:\\Users\\vojta\\WebstormProjects\\2024-CircularMarketplaces\\app\\backend\\models\\Photo.js","statementMap":{"0":{"start":{"line":1,"column":29},"end":{"line":1,"column":49}},"1":{"start":{"line":2,"column":16},"end":{"line":2,"column":36}},"2":{"start":{"line":4,"column":0},"end":{"line":32,"column":2}},"3":{"start":{"line":7,"column":4},"end":{"line":29,"column":6}},"4":{"start":{"line":31,"column":4},"end":{"line":31,"column":17}}},"fnMap":{"0":{"name":"(anonymous_0)","decl":{"start":{"line":4,"column":17},"end":{"line":4,"column":18}},"loc":{"start":{"line":4,"column":32},"end":{"line":32,"column":1}},"line":4}},"branchMap":{},"s":{"0":9,"1":9,"2":9,"3":18,"4":18},"f":{"0":18},"b":{},"_coverageSchema":"1a1c01bbd47fc00a2c39e90264f33305004495a9","hash":"c41a65928e6ed5950a0502614a582c57350220ce"}
,"C:\\Users\\vojta\\WebstormProjects\\2024-CircularMarketplaces\\app\\backend\\models\\Review.js": {"path":"C:\\Users\\vojta\\WebstormProjects\\2024-CircularMarketplaces\\app\\backend\\models\\Review.js","statementMap":{"0":{"start":{"line":2,"column":29},"end":{"line":2,"column":49}},"1":{"start":{"line":5,"column":0},"end":{"line":51,"column":2}},"2":{"start":{"line":8,"column":4},"end":{"line":48,"column":6}},"3":{"start":{"line":50,"column":4},"end":{"line":50,"column":18}}},"fnMap":{"0":{"name":"(anonymous_0)","decl":{"start":{"line":5,"column":17},"end":{"line":5,"column":18}},"loc":{"start":{"line":5,"column":32},"end":{"line":51,"column":1}},"line":5}},"branchMap":{},"s":{"0":9,"1":9,"2":18,"3":18},"f":{"0":18},"b":{},"_coverageSchema":"1a1c01bbd47fc00a2c39e90264f33305004495a9","hash":"e449c1a16fdcfeb06d05920de731dc4881ec0891"}
,"C:\\Users\\vojta\\WebstormProjects\\2024-CircularMarketplaces\\app\\backend\\models\\Tag.js": {"path":"C:\\Users\\vojta\\WebstormProjects\\2024-CircularMarketplaces\\app\\backend\\models\\Tag.js","statementMap":{"0":{"start":{"line":2,"column":29},"end":{"line":2,"column":49}},"1":{"start":{"line":4,"column":0},"end":{"line":27,"column":2}},"2":{"start":{"line":7,"column":4},"end":{"line":24,"column":6}},"3":{"start":{"line":26,"column":4},"end":{"line":26,"column":15}}},"fnMap":{"0":{"name":"(anonymous_0)","decl":{"start":{"line":4,"column":17},"end":{"line":4,"column":18}},"loc":{"start":{"line":4,"column":32},"end":{"line":27,"column":1}},"line":4}},"branchMap":{},"s":{"0":9,"1":9,"2":18,"3":18},"f":{"0":18},"b":{},"_coverageSchema":"1a1c01bbd47fc00a2c39e90264f33305004495a9","hash":"35fd9a007a93b01e27800a4e1847c5c3840daba9"}
,"C:\\Users\\vojta\\WebstormProjects\\2024-CircularMarketplaces\\app\\backend\\models\\User.js": {"path":"C:\\Users\\vojta\\WebstormProjects\\2024-CircularMarketplaces\\app\\backend\\models\\User.js","statementMap":{"0":{"start":{"line":1,"column":28},"end":{"line":1,"column":48}},"1":{"start":{"line":3,"column":0},"end":{"line":34,"column":2}},"2":{"start":{"line":6,"column":4},"end":{"line":31,"column":6}},"3":{"start":{"line":33,"column":4},"end":{"line":33,"column":16}}},"fnMap":{"0":{"name":"(anonymous_0)","decl":{"start":{"line":3,"column":17},"end":{"line":3,"column":18}},"loc":{"start":{"line":3,"column":32},"end":{"line":34,"column":1}},"line":3}},"branchMap":{},"s":{"0":9,"1":9,"2":18,"3":18},"f":{"0":18},"b":{},"_coverageSchema":"1a1c01bbd47fc00a2c39e90264f33305004495a9","hash":"1c1276b09a80aaeaceaf356730390ac4556c6c6e"}
,"C:\\Users\\vojta\\WebstormProjects\\2024-CircularMarketplaces\\app\\backend\\models\\Wishlist.js": {"path":"C:\\Users\\vojta\\WebstormProjects\\2024-CircularMarketplaces\\app\\backend\\models\\Wishlist.js","statementMap":{"0":{"start":{"line":2,"column":29},"end":{"line":2,"column":49}},"1":{"start":{"line":3,"column":18},"end":{"line":3,"column":48}},"2":{"start":{"line":4,"column":13},"end":{"line":4,"column":30}},"3":{"start":{"line":5,"column":16},"end":{"line":5,"column":36}},"4":{"start":{"line":7,"column":0},"end":{"line":39,"column":2}},"5":{"start":{"line":11,"column":4},"end":{"line":36,"column":6}},"6":{"start":{"line":38,"column":4},"end":{"line":38,"column":20}}},"fnMap":{"0":{"name":"(anonymous_0)","decl":{"start":{"line":7,"column":17},"end":{"line":7,"column":18}},"loc":{"start":{"line":7,"column":32},"end":{"line":39,"column":1}},"line":7}},"branchMap":{},"s":{"0":9,"1":9,"2":9,"3":9,"4":9,"5":18,"6":18},"f":{"0":18},"b":{},"_coverageSchema":"1a1c01bbd47fc00a2c39e90264f33305004495a9","hash":"42beb869012e868a16e9a99169b7e8bc9d94348c"}
,"C:\\Users\\vojta\\WebstormProjects\\2024-CircularMarketplaces\\app\\backend\\models\\initialise.js": {"path":"C:\\Users\\vojta\\WebstormProjects\\2024-CircularMarketplaces\\app\\backend\\models\\initialise.js","statementMap":{"0":{"start":{"line":1,"column":22},"end":{"line":1,"column":42}},"1":{"start":{"line":2,"column":18},"end":{"line":2,"column":48}},"2":{"start":{"line":5,"column":18},"end":{"line":5,"column":35}},"3":{"start":{"line":6,"column":21},"end":{"line":6,"column":41}},"4":{"start":{"line":7,"column":19},"end":{"line":7,"column":37}},"5":{"start":{"line":8,"column":25},"end":{"line":8,"column":49}},"6":{"start":{"line":9,"column":19},"end":{"line":9,"column":37}},"7":{"start":{"line":10,"column":17},"end":{"line":10,"column":33}},"8":{"start":{"line":11,"column":22},"end":{"line":11,"column":43}},"9":{"start":{"line":12,"column":20},"end":{"line":12,"column":39}},"10":{"start":{"line":13,"column":21},"end":{"line":13,"column":41}},"11":{"start":{"line":16,"column":13},"end":{"line":16,"column":33}},"12":{"start":{"line":17,"column":20},"end":{"line":17,"column":47}},"13":{"start":{"line":18,"column":14},"end":{"line":18,"column":35}},"14":{"start":{"line":19,"column":16},"end":{"line":19,"column":39}},"15":{"start":{"line":20,"column":14},"end":{"line":20,"column":35}},"16":{"start":{"line":21,"column":17},"end":{"line":21,"column":41}},"17":{"start":{"line":22,"column":12},"end":{"line":22,"column":31}},"18":{"start":{"line":23,"column":15},"end":{"line":23,"column":37}},"19":{"start":{"line":26,"column":16},"end":{"line":26,"column":39}},"20":{"start":{"line":28,"column":0},"end":{"line":28,"column":68}},"21":{"start":{"line":29,"column":0},"end":{"line":29,"column":70}},"22":{"start":{"line":31,"column":0},"end":{"line":31,"column":74}},"23":{"start":{"line":32,"column":0},"end":{"line":32,"column":76}},"24":{"start":{"line":34,"column":0},"end":{"line":34,"column":71}},"25":{"start":{"line":35,"column":0},"end":{"line":35,"column":73}},"26":{"start":{"line":37,"column":0},"end":{"line":37,"column":67}},"27":{"start":{"line":38,"column":0},"end":{"line":38,"column":69}},"28":{"start":{"line":40,"column":0},"end":{"line":40,"column":85}},"29":{"start":{"line":42,"column":0},"end":{"line":42,"column":69}},"30":{"start":{"line":43,"column":0},"end":{"line":43,"column":71}},"31":{"start":{"line":45,"column":0},"end":{"line":45,"column":72}},"32":{"start":{"line":46,"column":0},"end":{"line":46,"column":75}},"33":{"start":{"line":48,"column":0},"end":{"line":48,"column":73}},"34":{"start":{"line":49,"column":0},"end":{"line":49,"column":75}},"35":{"start":{"line":51,"column":0},"end":{"line":51,"column":47}},"36":{"start":{"line":52,"column":0},"end":{"line":52,"column":49}},"37":{"start":{"line":54,"column":0},"end":{"line":54,"column":49}},"38":{"start":{"line":55,"column":0},"end":{"line":55,"column":51}},"39":{"start":{"line":57,"column":0},"end":{"line":57,"column":55}},"40":{"start":{"line":60,"column":0},"end":{"line":60,"column":71}},"41":{"start":{"line":61,"column":0},"end":{"line":61,"column":73}},"42":{"start":{"line":62,"column":0},"end":{"line":62,"column":66}},"43":{"start":{"line":63,"column":0},"end":{"line":63,"column":70}},"44":{"start":{"line":65,"column":0},"end":{"line":77,"column":2}}},"fnMap":{},"branchMap":{},"s":{"0":9,"1":9,"2":9,"3":9,"4":9,"5":9,"6":9,"7":9,"8":9,"9":9,"10":9,"11":9,"12":9,"13":9,"14":9,"15":9,"16":9,"17":9,"18":9,"19":9,"20":9,"21":9,"22":9,"23":9,"24":9,"25":9,"26":9,"27":9,"28":9,"29":9,"30":9,"31":9,"32":9,"33":9,"34":9,"35":9,"36":9,"37":9,"38":9,"39":9,"40":9,"41":9,"42":9,"43":9,"44":9},"f":{},"b":{},"_coverageSchema":"1a1c01bbd47fc00a2c39e90264f33305004495a9","hash":"b427743f1669cd350c3f311474e56af35e0a7a0c"}
,"C:\\Users\\vojta\\WebstormProjects\\2024-CircularMarketplaces\\app\\backend\\routes\\Articles.js": {"path":"C:\\Users\\vojta\\WebstormProjects\\2024-CircularMarketplaces\\app\\backend\\routes\\Articles.js","statementMap":{"0":{"start":{"line":1,"column":16},"end":{"line":1,"column":34}},"1":{"start":{"line":2,"column":15},"end":{"line":2,"column":31}},"2":{"start":{"line":4,"column":128},"end":{"line":4,"column":162}},"3":{"start":{"line":5,"column":0},"end":{"line":5,"column":58}},"4":{"start":{"line":6,"column":0},"end":{"line":6,"column":47}},"5":{"start":{"line":7,"column":0},"end":{"line":7,"column":80}},"6":{"start":{"line":8,"column":0},"end":{"line":8,"column":46}},"7":{"start":{"line":9,"column":0},"end":{"line":9,"column":44}},"8":{"start":{"line":10,"column":0},"end":{"line":10,"column":24}}},"fnMap":{},"branchMap":{},"s":{"0":9,"1":9,"2":9,"3":9,"4":9,"5":9,"6":9,"7":9,"8":9},"f":{},"b":{},"_coverageSchema":"1a1c01bbd47fc00a2c39e90264f33305004495a9","hash":"ffea429a1ab0d8aabe99742a049146565e0a67f0"}
,"C:\\Users\\vojta\\WebstormProjects\\2024-CircularMarketplaces\\app\\backend\\routes\\Message.js": {"path":"C:\\Users\\vojta\\WebstormProjects\\2024-CircularMarketplaces\\app\\backend\\routes\\Message.js","statementMap":{"0":{"start":{"line":1,"column":16},"end":{"line":1,"column":34}},"1":{"start":{"line":2,"column":15},"end":{"line":2,"column":31}},"2":{"start":{"line":4,"column":90},"end":{"line":4,"column":123}},"3":{"start":{"line":5,"column":0},"end":{"line":5,"column":58}},"4":{"start":{"line":6,"column":0},"end":{"line":6,"column":80}},"5":{"start":{"line":7,"column":0},"end":{"line":7,"column":56}},"6":{"start":{"line":8,"column":0},"end":{"line":8,"column":24}}},"fnMap":{},"branchMap":{},"s":{"0":9,"1":9,"2":9,"3":9,"4":9,"5":9,"6":9},"f":{},"b":{},"_coverageSchema":"1a1c01bbd47fc00a2c39e90264f33305004495a9","hash":"6a1ad19eeef9f9cd8eafbf9adaceb6e3c4274025"}
,"C:\\Users\\vojta\\WebstormProjects\\2024-CircularMarketplaces\\app\\backend\\routes\\Order.js": {"path":"C:\\Users\\vojta\\WebstormProjects\\2024-CircularMarketplaces\\app\\backend\\routes\\Order.js","statementMap":{"0":{"start":{"line":1,"column":16},"end":{"line":1,"column":34}},"1":{"start":{"line":2,"column":15},"end":{"line":2,"column":31}},"2":{"start":{"line":4,"column":90},"end":{"line":4,"column":122}},"3":{"start":{"line":6,"column":0},"end":{"line":6,"column":54}},"4":{"start":{"line":7,"column":0},"end":{"line":7,"column":74}},"5":{"start":{"line":8,"column":0},"end":{"line":8,"column":52}},"6":{"start":{"line":10,"column":0},"end":{"line":10,"column":24}}},"fnMap":{},"branchMap":{},"s":{"0":9,"1":9,"2":9,"3":9,"4":9,"5":9,"6":9},"f":{},"b":{},"_coverageSchema":"1a1c01bbd47fc00a2c39e90264f33305004495a9","hash":"6fa13f0d0b00b52084dd58365a8c1d4a4211277b"}
,"C:\\Users\\vojta\\WebstormProjects\\2024-CircularMarketplaces\\app\\backend\\routes\\PaymentCard.js": {"path":"C:\\Users\\vojta\\WebstormProjects\\2024-CircularMarketplaces\\app\\backend\\routes\\PaymentCard.js","statementMap":{"0":{"start":{"line":1,"column":16},"end":{"line":1,"column":34}},"1":{"start":{"line":2,"column":15},"end":{"line":2,"column":31}},"2":{"start":{"line":4,"column":67},"end":{"line":4,"column":105}},"3":{"start":{"line":6,"column":0},"end":{"line":6,"column":52}},"4":{"start":{"line":7,"column":0},"end":{"line":7,"column":71}},"5":{"start":{"line":9,"column":0},"end":{"line":9,"column":24}}},"fnMap":{},"branchMap":{},"s":{"0":9,"1":9,"2":9,"3":9,"4":9,"5":9},"f":{},"b":{},"_coverageSchema":"1a1c01bbd47fc00a2c39e90264f33305004495a9","hash":"ec5d7fc33adc5e685d253de152ceeaf6aff68738"}
,"C:\\Users\\vojta\\WebstormProjects\\2024-CircularMarketplaces\\app\\backend\\routes\\Photo.js": {"path":"C:\\Users\\vojta\\WebstormProjects\\2024-CircularMarketplaces\\app\\backend\\routes\\Photo.js","statementMap":{"0":{"start":{"line":1,"column":16},"end":{"line":1,"column":34}},"1":{"start":{"line":2,"column":15},"end":{"line":2,"column":31}},"2":{"start":{"line":3,"column":15},"end":{"line":3,"column":46}},"3":{"start":{"line":4,"column":106},"end":{"line":4,"column":138}},"4":{"start":{"line":6,"column":0},"end":{"line":6,"column":78}},"5":{"start":{"line":7,"column":0},"end":{"line":7,"column":53}},"6":{"start":{"line":8,"column":0},"end":{"line":8,"column":74}},"7":{"start":{"line":9,"column":0},"end":{"line":9,"column":41}},"8":{"start":{"line":11,"column":0},"end":{"line":11,"column":24}}},"fnMap":{},"branchMap":{},"s":{"0":9,"1":9,"2":9,"3":9,"4":9,"5":9,"6":9,"7":9,"8":9},"f":{},"b":{},"_coverageSchema":"1a1c01bbd47fc00a2c39e90264f33305004495a9","hash":"f6eb9f6e3322c94899ac09c8436fc2da56b8eb06"}
,"C:\\Users\\vojta\\WebstormProjects\\2024-CircularMarketplaces\\app\\backend\\routes\\Review.js": {"path":"C:\\Users\\vojta\\WebstormProjects\\2024-CircularMarketplaces\\app\\backend\\routes\\Review.js","statementMap":{"0":{"start":{"line":1,"column":16},"end":{"line":1,"column":34}},"1":{"start":{"line":2,"column":15},"end":{"line":2,"column":31}},"2":{"start":{"line":4,"column":73},"end":{"line":4,"column":106}},"3":{"start":{"line":6,"column":0},"end":{"line":6,"column":56}},"4":{"start":{"line":7,"column":0},"end":{"line":7,"column":77}},"5":{"start":{"line":9,"column":0},"end":{"line":9,"column":24}}},"fnMap":{},"branchMap":{},"s":{"0":9,"1":9,"2":9,"3":9,"4":9,"5":9},"f":{},"b":{},"_coverageSchema":"1a1c01bbd47fc00a2c39e90264f33305004495a9","hash":"0b57bbce002e60e2c31e2ef5ede84b83dcfe9906"}
,"C:\\Users\\vojta\\WebstormProjects\\2024-CircularMarketplaces\\app\\backend\\routes\\Tag.js": {"path":"C:\\Users\\vojta\\WebstormProjects\\2024-CircularMarketplaces\\app\\backend\\routes\\Tag.js","statementMap":{"0":{"start":{"line":1,"column":16},"end":{"line":1,"column":34}},"1":{"start":{"line":2,"column":15},"end":{"line":2,"column":31}},"2":{"start":{"line":4,"column":62},"end":{"line":4,"column":92}},"3":{"start":{"line":6,"column":0},"end":{"line":6,"column":50}},"4":{"start":{"line":7,"column":0},"end":{"line":7,"column":68}},"5":{"start":{"line":9,"column":0},"end":{"line":9,"column":24}}},"fnMap":{},"branchMap":{},"s":{"0":9,"1":9,"2":9,"3":9,"4":9,"5":9},"f":{},"b":{},"_coverageSchema":"1a1c01bbd47fc00a2c39e90264f33305004495a9","hash":"2599b536861ef501f23da8a287486f34b7eaaf77"}
,"C:\\Users\\vojta\\WebstormProjects\\2024-CircularMarketplaces\\app\\backend\\routes\\User.js": {"path":"C:\\Users\\vojta\\WebstormProjects\\2024-CircularMarketplaces\\app\\backend\\routes\\User.js","statementMap":{"0":{"start":{"line":1,"column":16},"end":{"line":1,"column":34}},"1":{"start":{"line":2,"column":15},"end":{"line":2,"column":31}},"2":{"start":{"line":6,"column":4},"end":{"line":6,"column":35}},"3":{"start":{"line":7,"column":27},"end":{"line":7,"column":62}},"4":{"start":{"line":9,"column":0},"end":{"line":9,"column":52}},"5":{"start":{"line":10,"column":0},"end":{"line":10,"column":71}},"6":{"start":{"line":11,"column":0},"end":{"line":11,"column":44}},"7":{"start":{"line":12,"column":0},"end":{"line":12,"column":48}},"8":{"start":{"line":13,"column":0},"end":{"line":13,"column":44}},"9":{"start":{"line":14,"column":0},"end":{"line":14,"column":59}},"10":{"start":{"line":15,"column":0},"end":{"line":15,"column":46}},"11":{"start":{"line":16,"column":0},"end":{"line":16,"column":43}},"12":{"start":{"line":17,"column":0},"end":{"line":17,"column":51}},"13":{"start":{"line":18,"column":0},"end":{"line":18,"column":53}},"14":{"start":{"line":20,"column":0},"end":{"line":20,"column":24}}},"fnMap":{},"branchMap":{},"s":{"0":9,"1":9,"2":9,"3":9,"4":9,"5":9,"6":9,"7":9,"8":9,"9":9,"10":9,"11":9,"12":9,"13":9,"14":9},"f":{},"b":{},"_coverageSchema":"1a1c01bbd47fc00a2c39e90264f33305004495a9","hash":"dbcc96e2160392e60cb69dca53b7ed8e8c4a743c"}
,"C:\\Users\\vojta\\WebstormProjects\\2024-CircularMarketplaces\\app\\backend\\routes\\Wishlist.js": {"path":"C:\\Users\\vojta\\WebstormProjects\\2024-CircularMarketplaces\\app\\backend\\routes\\Wishlist.js","statementMap":{"0":{"start":{"line":1,"column":16},"end":{"line":1,"column":34}},"1":{"start":{"line":2,"column":15},"end":{"line":2,"column":31}},"2":{"start":{"line":5,"column":87},"end":{"line":5,"column":122}},"3":{"start":{"line":7,"column":0},"end":{"line":7,"column":60}},"4":{"start":{"line":8,"column":0},"end":{"line":8,"column":83}},"5":{"start":{"line":10,"column":0},"end":{"line":10,"column":24}}},"fnMap":{},"branchMap":{},"s":{"0":9,"1":9,"2":9,"3":9,"4":9,"5":9},"f":{},"b":{},"_coverageSchema":"1a1c01bbd47fc00a2c39e90264f33305004495a9","hash":"288364f06d78a41f4ae8fc92fbdc448d48d6e5c8"}
}
