TN:
SF:server.js
FN:22,(anonymous_0)
FN:23,(anonymous_1)
FN:32,(anonymous_2)
FN:51,(anonymous_3)
FNF:4
FNH:1
FNDA:9,(anonymous_0)
FNDA:0,(anonymous_1)
FNDA:0,(anonymous_2)
FNDA:0,(anonymous_3)
DA:1,9
DA:2,9
DA:3,9
DA:4,9
DA:5,9
DA:7,9
DA:8,9
DA:9,9
DA:10,9
DA:11,9
DA:12,9
DA:13,9
DA:14,9
DA:15,9
DA:16,9
DA:17,9
DA:18,9
DA:21,9
DA:22,9
DA:23,0
DA:26,9
DA:27,9
DA:28,9
DA:29,9
DA:32,9
DA:33,0
DA:36,9
DA:37,9
DA:38,9
DA:39,9
DA:40,9
DA:41,9
DA:42,9
DA:43,9
DA:44,9
DA:45,9
DA:47,9
DA:49,9
DA:50,0
DA:51,0
DA:52,0
DA:55,9
DA:56,9
DA:57,9
LF:44
LH:39
BRDA:49,0,0,0
BRDA:49,0,1,9
BRDA:50,1,0,0
BRDA:50,1,1,0
BRF:4
BRH:1
end_of_record
TN:
SF:config\Setup.js
FN:31,(anonymous_0)
FNF:1
FNH:1
FNDA:68,(anonymous_0)
DA:2,9
DA:3,9
DA:5,9
DA:6,9
DA:7,9
DA:8,9
DA:9,9
DA:10,9
DA:11,9
DA:12,9
DA:13,9
DA:14,9
DA:16,9
DA:20,9
DA:21,9
DA:22,9
DA:23,9
DA:24,9
DA:25,9
DA:26,9
DA:27,9
DA:31,9
DA:33,68
DA:34,68
DA:35,68
DA:36,68
DA:37,68
DA:38,68
DA:39,68
DA:40,68
DA:46,9
LF:31
LH:31
BRF:0
BRH:0
end_of_record
TN:
SF:controllers\articles.js
FN:11,(anonymous_0)
FN:16,(anonymous_1)
FN:30,(anonymous_2)
FN:47,(anonymous_3)
FN:66,(anonymous_4)
FN:86,(anonymous_5)
FN:100,(anonymous_6)
FN:113,(anonymous_7)
FNF:8
FNH:5
FNDA:2,(anonymous_0)
FNDA:1,(anonymous_1)
FNDA:46,(anonymous_2)
FNDA:2,(anonymous_3)
FNDA:0,(anonymous_4)
FNDA:1,(anonymous_5)
FNDA:0,(anonymous_6)
FNDA:0,(anonymous_7)
DA:1,9
DA:2,9
DA:3,9
DA:11,9
DA:12,2
DA:13,2
DA:16,9
DA:17,1
DA:18,1
DA:19,1
DA:21,0
DA:22,0
DA:30,9
DA:31,46
DA:32,46
DA:33,46
DA:35,0
DA:36,0
DA:47,9
DA:48,2
DA:49,2
DA:54,2
DA:55,1
DA:57,2
DA:66,9
DA:67,0
DA:68,0
DA:73,0
DA:74,0
DA:76,0
DA:86,9
DA:87,1
DA:88,1
DA:93,1
DA:94,0
DA:96,1
DA:100,9
DA:101,0
DA:102,0
DA:107,0
DA:108,0
DA:110,0
DA:113,9
DA:114,0
DA:115,0
DA:120,0
DA:121,0
DA:123,0
DA:127,9
LF:49
LH:29
BRDA:54,0,0,1
BRDA:54,0,1,1
BRDA:73,1,0,0
BRDA:73,1,1,0
BRDA:93,2,0,0
BRDA:93,2,1,1
BRDA:107,3,0,0
BRDA:107,3,1,0
BRDA:120,4,0,0
BRDA:120,4,1,0
BRF:10
BRH:3
end_of_record
TN:
SF:controllers\message.js
FN:7,(anonymous_0)
FN:21,(anonymous_1)
FN:33,(anonymous_2)
FN:50,(anonymous_3)
FN:71,(anonymous_4)
FN:91,(anonymous_5)
FN:103,(anonymous_6)
FNF:7
FNH:7
FNDA:2,(anonymous_0)
FNDA:1,(anonymous_1)
FNDA:13,(anonymous_2)
FNDA:2,(anonymous_3)
FNDA:1,(anonymous_4)
FNDA:1,(anonymous_5)
FNDA:2,(anonymous_6)
DA:1,9
DA:2,9
DA:3,9
DA:4,9
DA:5,9
DA:7,9
DA:8,2
DA:9,1
DA:10,1
DA:12,1
DA:21,9
DA:22,1
DA:23,1
DA:33,9
DA:34,13
DA:35,13
DA:36,13
DA:38,0
DA:39,0
DA:50,9
DA:51,2
DA:52,2
DA:53,1
DA:58,1
DA:59,0
DA:60,0
DA:62,1
DA:71,9
DA:72,1
DA:73,1
DA:78,1
DA:79,0
DA:81,1
DA:91,9
DA:92,1
DA:93,1
DA:98,1
DA:99,0
DA:101,1
DA:103,9
DA:104,2
DA:106,2
DA:116,2
DA:117,0
DA:120,2
DA:123,9
LF:46
LH:39
BRDA:8,0,0,1
BRDA:8,0,1,1
BRDA:52,1,0,1
BRDA:52,1,1,1
BRDA:58,2,0,0
BRDA:58,2,1,1
BRDA:78,3,0,0
BRDA:78,3,1,1
BRDA:98,4,0,0
BRDA:98,4,1,1
BRDA:116,5,0,0
BRDA:116,5,1,2
BRDA:116,6,0,2
BRDA:116,6,1,2
BRF:14
BRH:10
end_of_record
TN:
SF:controllers\orders.js
FN:11,(anonymous_0)
FN:26,(anonymous_1)
FN:119,(anonymous_2)
FN:134,(anonymous_3)
FN:158,(anonymous_4)
FN:178,(anonymous_5)
FN:192,(anonymous_6)
FNF:7
FNH:6
FNDA:3,(anonymous_0)
FNDA:10,(anonymous_1)
FNDA:2,(anonymous_2)
FNDA:1,(anonymous_3)
FNDA:1,(anonymous_4)
FNDA:1,(anonymous_5)
FNDA:0,(anonymous_6)
DA:1,9
DA:2,9
DA:3,9
DA:11,9
DA:12,3
DA:13,3
DA:14,3
DA:16,0
DA:26,9
DA:27,10
DA:28,10
DA:29,10
DA:30,10
DA:31,10
DA:32,10
DA:37,10
DA:38,1
DA:39,1
DA:41,9
DA:42,1
DA:43,1
DA:45,8
DA:46,8
DA:47,0
DA:48,0
DA:50,8
DA:51,8
DA:54,8
DA:55,0
DA:57,8
DA:62,8
DA:67,8
DA:68,8
DA:72,8
DA:73,0
DA:74,0
DA:78,8
DA:88,8
DA:89,8
DA:90,8
DA:91,8
DA:92,8
DA:93,8
DA:95,0
DA:96,0
DA:97,0
DA:98,0
DA:100,8
DA:101,8
DA:110,8
DA:119,9
DA:120,2
DA:121,2
DA:126,2
DA:127,1
DA:129,1
DA:134,9
DA:135,1
DA:136,1
DA:137,1
DA:138,1
DA:139,0
DA:142,1
DA:144,1
DA:145,0
DA:148,1
DA:158,9
DA:159,1
DA:160,1
DA:165,1
DA:166,0
DA:168,1
DA:178,9
DA:179,1
DA:180,1
DA:185,1
DA:186,0
DA:188,1
DA:192,9
DA:193,0
DA:194,0
DA:200,0
DA:201,0
DA:202,0
DA:205,0
DA:210,0
DA:214,9
LF:87
LH:66
BRDA:37,0,0,1
BRDA:37,0,1,9
BRDA:41,1,0,1
BRDA:41,1,1,8
BRDA:46,2,0,0
BRDA:46,2,1,8
BRDA:54,3,0,0
BRDA:54,3,1,8
BRDA:67,4,0,8
BRDA:67,4,1,0
BRDA:72,5,0,0
BRDA:72,5,1,8
BRDA:88,6,0,8
BRDA:88,6,1,0
BRDA:126,7,0,1
BRDA:126,7,1,1
BRDA:138,8,0,0
BRDA:138,8,1,1
BRDA:144,9,0,0
BRDA:144,9,1,1
BRDA:144,10,0,1
BRDA:144,10,1,1
BRDA:165,11,0,0
BRDA:165,11,1,1
BRDA:185,12,0,0
BRDA:185,12,1,1
BRDA:200,13,0,0
BRDA:200,13,1,0
BRF:28
BRH:17
end_of_record
TN:
SF:controllers\paymentCards.js
FN:11,(anonymous_0)
FN:22,(anonymous_1)
FN:33,(anonymous_2)
FN:52,(anonymous_3)
FN:79,(anonymous_4)
FNF:5
FNH:5
FNDA:2,(anonymous_0)
FNDA:15,(anonymous_1)
FNDA:3,(anonymous_2)
FNDA:2,(anonymous_3)
FNDA:2,(anonymous_4)
DA:1,9
DA:2,9
DA:3,9
DA:11,9
DA:12,2
DA:13,2
DA:22,9
DA:23,15
DA:24,14
DA:33,9
DA:34,3
DA:35,3
DA:40,3
DA:41,2
DA:43,3
DA:52,9
DA:53,2
DA:56,2
DA:60,2
DA:61,1
DA:65,1
DA:69,1
DA:79,9
DA:80,2
DA:83,2
DA:87,2
DA:88,1
DA:91,1
DA:95,9
LF:29
LH:29
BRDA:40,0,0,2
BRDA:40,0,1,1
BRDA:60,1,0,1
BRDA:60,1,1,1
BRDA:87,2,0,1
BRDA:87,2,1,1
BRF:6
BRH:6
end_of_record
TN:
SF:controllers\photos.js
FN:13,(anonymous_0)
FN:24,(anonymous_1)
FN:38,(anonymous_2)
FN:50,(anonymous_3)
FN:63,(anonymous_4)
FN:83,(anonymous_5)
FN:84,(anonymous_6)
FN:98,(anonymous_7)
FN:118,(anonymous_8)
FN:137,(anonymous_9)
FNF:10
FNH:0
FNDA:0,(anonymous_0)
FNDA:0,(anonymous_1)
FNDA:0,(anonymous_2)
FNDA:0,(anonymous_3)
FNDA:0,(anonymous_4)
FNDA:0,(anonymous_5)
FNDA:0,(anonymous_6)
FNDA:0,(anonymous_7)
FNDA:0,(anonymous_8)
FNDA:0,(anonymous_9)
DA:1,9
DA:2,9
DA:3,9
DA:4,9
DA:5,9
DA:13,9
DA:14,0
DA:15,0
DA:24,9
DA:26,0
DA:27,0
DA:30,0
DA:31,0
DA:32,0
DA:34,0
DA:35,0
DA:38,0
DA:39,0
DA:41,0
DA:50,9
DA:51,0
DA:52,0
DA:57,0
DA:58,0
DA:60,0
DA:63,9
DA:64,0
DA:66,0
DA:67,0
DA:70,0
DA:78,0
DA:79,0
DA:83,0
DA:84,0
DA:85,0
DA:86,0
DA:89,0
DA:98,9
DA:99,0
DA:100,0
DA:105,0
DA:106,0
DA:108,0
DA:118,9
DA:119,0
DA:120,0
DA:125,0
DA:126,0
DA:128,0
DA:137,9
DA:138,0
DA:139,0
DA:144,0
DA:145,0
DA:148,9
LF:55
LH:13
BRDA:26,0,0,0
BRDA:26,0,1,0
BRDA:31,1,0,0
BRDA:31,1,1,0
BRDA:57,2,0,0
BRDA:57,2,1,0
BRDA:66,3,0,0
BRDA:66,3,1,0
BRDA:66,4,0,0
BRDA:66,4,1,0
BRDA:78,5,0,0
BRDA:78,5,1,0
BRDA:85,6,0,0
BRDA:85,6,1,0
BRDA:105,7,0,0
BRDA:105,7,1,0
BRDA:125,8,0,0
BRDA:125,8,1,0
BRDA:144,9,0,0
BRDA:144,9,1,0
BRF:20
BRH:0
end_of_record
TN:
SF:controllers\reviews.js
FN:12,(anonymous_0)
FN:28,(anonymous_1)
FN:44,(anonymous_2)
FN:66,(anonymous_3)
FN:105,(anonymous_4)
FNF:5
FNH:5
FNDA:4,(anonymous_0)
FNDA:6,(anonymous_1)
FNDA:4,(anonymous_2)
FNDA:2,(anonymous_3)
FNDA:3,(anonymous_4)
DA:1,9
DA:2,9
DA:3,9
DA:12,9
DA:13,4
DA:14,4
DA:16,0
DA:28,9
DA:29,6
DA:30,6
DA:31,6
DA:33,0
DA:44,9
DA:45,4
DA:47,4
DA:53,4
DA:54,2
DA:57,2
DA:66,9
DA:67,2
DA:69,2
DA:75,2
DA:76,1
DA:79,1
DA:83,1
DA:105,9
DA:106,3
DA:108,3
DA:112,3
DA:113,2
DA:116,1
DA:120,9
LF:32
LH:30
BRDA:53,0,0,2
BRDA:53,0,1,2
BRDA:75,1,0,1
BRDA:75,1,1,1
BRDA:112,2,0,2
BRDA:112,2,1,1
BRF:6
BRH:6
end_of_record
TN:
SF:controllers\tags.js
FN:12,(anonymous_0)
FN:23,(anonymous_1)
FN:34,(anonymous_2)
FN:53,(anonymous_3)
FN:83,(anonymous_4)
FNF:5
FNH:5
FNDA:1,(anonymous_0)
FNDA:5,(anonymous_1)
FNDA:3,(anonymous_2)
FNDA:1,(anonymous_3)
FNDA:1,(anonymous_4)
DA:1,9
DA:2,9
DA:3,9
DA:12,9
DA:13,1
DA:14,1
DA:23,9
DA:24,5
DA:25,5
DA:34,9
DA:35,3
DA:36,3
DA:41,3
DA:42,2
DA:44,1
DA:53,9
DA:54,1
DA:55,1
DA:61,1
DA:63,0
DA:67,1
DA:73,1
DA:83,9
DA:84,1
DA:85,1
DA:90,1
DA:91,0
DA:93,1
DA:97,9
LF:29
LH:27
BRDA:41,0,0,2
BRDA:41,0,1,1
BRDA:61,1,0,0
BRDA:61,1,1,1
BRDA:90,2,0,0
BRDA:90,2,1,1
BRF:6
BRH:4
end_of_record
TN:
SF:controllers\taskLogs.js
FN:12,(anonymous_0)
FN:23,(anonymous_1)
FN:39,(anonymous_2)
FN:58,(anonymous_3)
FN:88,(anonymous_4)
FNF:5
FNH:0
FNDA:0,(anonymous_0)
FNDA:0,(anonymous_1)
FNDA:0,(anonymous_2)
FNDA:0,(anonymous_3)
FNDA:0,(anonymous_4)
DA:1,9
DA:2,9
DA:3,9
DA:12,9
DA:13,0
DA:14,0
DA:23,9
DA:24,0
DA:25,0
DA:26,0
DA:28,0
DA:39,9
DA:40,0
DA:41,0
DA:46,0
DA:47,0
DA:49,0
DA:58,9
DA:59,0
DA:60,0
DA:66,0
DA:68,0
DA:72,0
DA:78,0
DA:88,9
DA:89,0
DA:90,0
DA:95,0
DA:96,0
DA:98,0
DA:102,9
LF:31
LH:9
BRDA:46,0,0,0
BRDA:46,0,1,0
BRDA:66,1,0,0
BRDA:66,1,1,0
BRDA:95,2,0,0
BRDA:95,2,1,0
BRF:6
BRH:0
end_of_record
TN:
SF:controllers\users.js
FN:13,(anonymous_0)
FN:22,(anonymous_1)
FN:29,(anonymous_2)
FN:61,(anonymous_3)
FN:72,(anonymous_4)
FN:92,(anonymous_5)
FN:112,(anonymous_6)
FN:131,(anonymous_7)
FN:149,(anonymous_8)
FN:167,(anonymous_9)
FN:177,(anonymous_10)
FN:178,(anonymous_11)
FN:188,(anonymous_12)
FN:206,(anonymous_13)
FN:219,(anonymous_14)
FN:238,(anonymous_15)
FN:252,(anonymous_16)
FNF:17
FNH:5
FNDA:2,(anonymous_0)
FNDA:0,(anonymous_1)
FNDA:0,(anonymous_2)
FNDA:92,(anonymous_3)
FNDA:3,(anonymous_4)
FNDA:2,(anonymous_5)
FNDA:1,(anonymous_6)
FNDA:0,(anonymous_7)
FNDA:0,(anonymous_8)
FNDA:0,(anonymous_9)
FNDA:0,(anonymous_10)
FNDA:0,(anonymous_11)
FNDA:0,(anonymous_12)
FNDA:0,(anonymous_13)
FNDA:0,(anonymous_14)
FNDA:0,(anonymous_15)
FNDA:0,(anonymous_16)
DA:1,9
DA:2,9
DA:3,9
DA:4,9
DA:13,9
DA:14,2
DA:15,2
DA:22,9
DA:23,0
DA:26,0
DA:29,0
DA:32,0
DA:33,0
DA:37,0
DA:38,0
DA:42,0
DA:61,9
DA:62,92
DA:63,92
DA:72,9
DA:73,3
DA:74,3
DA:79,3
DA:80,1
DA:81,1
DA:83,2
DA:92,9
DA:93,2
DA:94,2
DA:99,2
DA:100,0
DA:102,2
DA:112,9
DA:113,1
DA:114,1
DA:119,1
DA:120,0
DA:122,1
DA:131,9
DA:132,0
DA:133,0
DA:138,0
DA:139,0
DA:141,0
DA:149,9
DA:150,0
DA:151,0
DA:156,0
DA:157,0
DA:159,0
DA:167,9
DA:168,0
DA:169,0
DA:174,0
DA:175,0
DA:177,0
DA:178,0
DA:179,0
DA:180,0
DA:188,9
DA:189,0
DA:190,0
DA:195,0
DA:196,0
DA:198,0
DA:206,9
DA:207,0
DA:208,0
DA:213,0
DA:214,0
DA:216,0
DA:219,9
DA:220,0
DA:221,0
DA:222,0
DA:223,0
DA:227,0
DA:228,0
DA:230,0
DA:231,0
DA:232,0
DA:234,0
DA:238,9
DA:239,0
DA:241,0
DA:250,0
DA:252,0
DA:254,0
DA:255,0
DA:258,0
DA:260,0
DA:261,0
DA:262,0
DA:266,0
DA:271,9
LF:95
LH:36
BRDA:32,0,0,0
BRDA:32,0,1,0
BRDA:37,1,0,0
BRDA:37,1,1,0
BRDA:79,2,0,1
BRDA:79,2,1,2
BRDA:99,3,0,0
BRDA:99,3,1,2
BRDA:119,4,0,0
BRDA:119,4,1,1
BRDA:138,5,0,0
BRDA:138,5,1,0
BRDA:156,6,0,0
BRDA:156,6,1,0
BRDA:174,7,0,0
BRDA:174,7,1,0
BRDA:195,8,0,0
BRDA:195,8,1,0
BRDA:213,9,0,0
BRDA:213,9,1,0
BRDA:227,10,0,0
BRDA:227,10,1,0
BRDA:254,11,0,0
BRDA:254,11,1,0
BRDA:255,12,0,0
BRDA:255,12,1,0
BRDA:260,13,0,0
BRDA:260,13,1,0
BRF:28
BRH:4
end_of_record
TN:
SF:controllers\wishlists.js
FN:12,(anonymous_0)
FN:23,(anonymous_1)
FN:34,(anonymous_2)
FN:58,(anonymous_3)
FN:83,(anonymous_4)
FN:99,(anonymous_5)
FNF:6
FNH:5
FNDA:4,(anonymous_0)
FNDA:6,(anonymous_1)
FNDA:4,(anonymous_2)
FNDA:2,(anonymous_3)
FNDA:3,(anonymous_4)
FNDA:0,(anonymous_5)
DA:1,9
DA:2,9
DA:3,9
DA:12,9
DA:13,4
DA:14,4
DA:23,9
DA:24,6
DA:25,6
DA:34,9
DA:35,4
DA:37,4
DA:42,4
DA:43,1
DA:44,1
DA:47,3
DA:58,9
DA:59,2
DA:60,2
DA:66,2
DA:67,1
DA:68,1
DA:71,1
DA:83,9
DA:84,3
DA:85,3
DA:86,3
DA:87,3
DA:88,3
DA:89,1
DA:91,2
DA:94,0
DA:95,0
DA:99,9
DA:100,0
DA:101,0
DA:102,0
DA:104,0
DA:110,0
DA:111,0
DA:112,0
DA:115,0
DA:118,0
DA:119,0
DA:125,9
LF:45
LH:33
BRDA:42,0,0,1
BRDA:42,0,1,3
BRDA:66,1,0,1
BRDA:66,1,1,1
BRDA:88,2,0,1
BRDA:88,2,1,2
BRDA:110,3,0,0
BRDA:110,3,1,0
BRF:8
BRH:6
end_of_record
TN:
SF:database\connect.js
FNF:0
FNH:0
DA:1,9
DA:2,9
DA:4,9
DA:8,9
DA:10,9
DA:15,0
DA:26,9
LF:7
LH:6
BRDA:8,0,0,9
BRDA:8,0,1,0
BRF:2
BRH:1
end_of_record
TN:
SF:errors\ErrorAPI.js
FN:4,(anonymous_0)
FNF:1
FNH:1
FNDA:19,(anonymous_0)
DA:5,19
DA:6,19
DA:7,19
DA:11,9
LF:4
LH:4
BRDA:4,0,0,11
BRF:1
BRH:1
end_of_record
TN:
SF:middleware\asyncErrorWrapper.js
FN:1,(anonymous_0)
FN:2,(anonymous_1)
FNF:2
FNH:2
FNDA:603,(anonymous_0)
FNDA:263,(anonymous_1)
DA:1,9
DA:2,603
DA:3,263
DA:4,263
DA:6,2
DA:11,9
LF:6
LH:6
BRF:0
BRH:0
end_of_record
TN:
SF:middleware\errorHandler.js
FN:4,(anonymous_0)
FNF:1
FNH:1
FNDA:20,(anonymous_0)
DA:2,9
DA:4,9
DA:6,20
DA:7,19
DA:13,1
DA:19,9
LF:6
LH:6
BRDA:6,0,0,19
BRDA:6,0,1,1
BRF:2
BRH:2
end_of_record
TN:
SF:middleware\multer.js
FN:13,(anonymous_0)
FN:16,(anonymous_1)
FNF:2
FNH:0
FNDA:0,(anonymous_0)
FNDA:0,(anonymous_1)
DA:1,9
DA:2,9
DA:3,9
DA:4,9
DA:7,9
DA:8,9
DA:9,0
DA:12,9
DA:14,0
DA:17,0
DA:18,0
DA:23,9
DA:25,9
LF:13
LH:9
BRDA:8,0,0,0
BRDA:8,0,1,9
BRF:2
BRH:1
end_of_record
TN:
SF:models\Article.js
FN:6,(anonymous_0)
FNF:1
FNH:1
FNDA:18,(anonymous_0)
DA:2,9
DA:3,9
DA:4,9
DA:6,9
DA:9,18
DA:52,18
LF:6
LH:6
BRF:0
BRH:0
end_of_record
TN:
SF:models\Message.js
FN:4,(anonymous_0)
FNF:1
FNH:1
FNDA:9,(anonymous_0)
DA:2,9
DA:4,9
DA:7,9
DA:34,9
LF:4
LH:4
BRF:0
BRH:0
end_of_record
TN:
SF:models\Order.js
FN:5,(anonymous_0)
FNF:1
FNH:1
FNDA:18,(anonymous_0)
DA:1,9
DA:2,9
DA:3,9
DA:5,9
DA:8,18
DA:45,18
LF:6
LH:6
BRF:0
BRH:0
end_of_record
TN:
SF:models\PaymentCard.js
FN:5,(anonymous_0)
FNF:1
FNH:1
FNDA:18,(anonymous_0)
DA:1,9
DA:2,9
DA:5,9
DA:8,18
DA:38,18
LF:5
LH:5
BRF:0
BRH:0
end_of_record
TN:
SF:models\Photo.js
FN:4,(anonymous_0)
FNF:1
FNH:1
FNDA:18,(anonymous_0)
DA:1,9
DA:2,9
DA:4,9
DA:7,18
DA:31,18
LF:5
LH:5
BRF:0
BRH:0
end_of_record
TN:
SF:models\Review.js
FN:5,(anonymous_0)
FNF:1
FNH:1
FNDA:18,(anonymous_0)
DA:2,9
DA:5,9
DA:8,18
DA:50,18
LF:4
LH:4
BRF:0
BRH:0
end_of_record
TN:
SF:models\Tag.js
FN:4,(anonymous_0)
FNF:1
FNH:1
FNDA:18,(anonymous_0)
DA:2,9
DA:4,9
DA:7,18
DA:26,18
LF:4
LH:4
BRF:0
BRH:0
end_of_record
TN:
SF:models\Task.js
FN:3,(anonymous_0)
FNF:1
FNH:1
FNDA:9,(anonymous_0)
DA:1,9
DA:3,9
DA:5,9
DA:19,9
LF:4
LH:4
BRF:0
BRH:0
end_of_record
TN:
SF:models\TaskLog.js
FN:3,(anonymous_0)
FNF:1
FNH:1
FNDA:9,(anonymous_0)
DA:1,9
DA:3,9
DA:5,9
DA:24,9
LF:4
LH:4
BRF:0
BRH:0
end_of_record
TN:
SF:models\User.js
FN:3,(anonymous_0)
FNF:1
FNH:1
FNDA:18,(anonymous_0)
DA:1,9
DA:3,9
DA:6,18
DA:33,18
LF:4
LH:4
BRF:0
BRH:0
end_of_record
TN:
SF:models\Wishlist.js
FN:7,(anonymous_0)
FNF:1
FNH:1
FNDA:18,(anonymous_0)
DA:2,9
DA:3,9
DA:4,9
DA:5,9
DA:7,9
DA:11,18
DA:38,18
LF:7
LH:7
BRF:0
BRH:0
end_of_record
TN:
SF:models\initialise.js
FNF:0
FNH:0
DA:1,9
DA:2,9
DA:5,9
DA:6,9
DA:7,9
DA:8,9
DA:9,9
DA:10,9
DA:11,9
DA:12,9
DA:13,9
DA:14,9
DA:15,9
DA:18,9
DA:19,9
DA:20,9
DA:21,9
DA:22,9
DA:23,9
DA:24,9
DA:25,9
DA:27,9
DA:28,9
DA:29,9
DA:31,9
DA:32,9
DA:34,9
DA:35,9
DA:37,9
DA:38,9
DA:40,9
DA:41,9
DA:43,9
DA:45,9
DA:46,9
DA:48,9
DA:49,9
DA:51,9
DA:52,9
DA:54,9
DA:55,9
DA:57,9
DA:58,9
DA:60,9
DA:61,9
DA:62,9
DA:64,9
DA:65,9
DA:66,9
DA:67,9
DA:69,9
LF:51
LH:51
BRF:0
BRH:0
end_of_record
TN:
SF:routes\Articles.js
FNF:0
FNH:0
DA:1,9
DA:2,9
DA:4,9
DA:5,9
DA:6,9
DA:7,9
DA:8,9
DA:9,9
DA:10,9
LF:9
LH:9
BRF:0
BRH:0
end_of_record
TN:
SF:routes\Message.js
FNF:0
FNH:0
DA:1,9
DA:2,9
DA:4,9
DA:5,9
DA:6,9
DA:7,9
DA:8,9
LF:7
LH:7
BRF:0
BRH:0
end_of_record
TN:
SF:routes\Order.js
FNF:0
FNH:0
DA:1,9
DA:2,9
DA:4,9
DA:6,9
DA:7,9
DA:8,9
DA:10,9
LF:7
LH:7
BRF:0
BRH:0
end_of_record
TN:
SF:routes\PaymentCard.js
FNF:0
FNH:0
DA:1,9
DA:2,9
DA:4,9
DA:6,9
DA:7,9
DA:9,9
LF:6
LH:6
BRF:0
BRH:0
end_of_record
TN:
SF:routes\Photo.js
FNF:0
FNH:0
DA:1,9
DA:2,9
DA:3,9
DA:4,9
DA:6,9
DA:7,9
DA:8,9
DA:9,9
DA:11,9
LF:9
LH:9
BRF:0
BRH:0
end_of_record
TN:
SF:routes\Review.js
FNF:0
FNH:0
DA:1,9
DA:2,9
DA:4,9
DA:6,9
DA:7,9
DA:9,9
LF:6
LH:6
BRF:0
BRH:0
end_of_record
TN:
SF:routes\Tag.js
FNF:0
FNH:0
DA:1,9
DA:2,9
DA:4,9
DA:6,9
DA:7,9
DA:9,9
LF:6
LH:6
BRF:0
BRH:0
end_of_record
TN:
SF:routes\TaskLog.js
FNF:0
FNH:0
DA:1,9
DA:2,9
DA:4,9
DA:6,9
DA:7,9
DA:9,9
LF:6
LH:6
BRF:0
BRH:0
end_of_record
TN:
SF:routes\User.js
FNF:0
FNH:0
DA:1,9
DA:2,9
DA:6,9
DA:7,9
DA:9,9
DA:10,9
DA:11,9
DA:12,9
DA:13,9
DA:14,9
DA:15,9
DA:16,9
DA:17,9
DA:18,9
DA:20,9
LF:15
LH:15
BRF:0
BRH:0
end_of_record
TN:
SF:routes\Wishlist.js
FNF:0
FNH:0
DA:1,9
DA:2,9
DA:5,9
DA:7,9
DA:8,9
DA:10,9
LF:6
LH:6
BRF:0
BRH:0
end_of_record
